#
# A fatal error has been detected by the Java Runtime Environment:
#
#  EXCEPTION_ACCESS_VIOLATION (0xc0000005) at pc=0x00007ffbda34e0a9, pid=13580, tid=14832
#
# JRE version: OpenJDK Runtime Environment Microsoft-8035246 (17.0.8+7) (build 17.0.8+7-LTS)
# Java VM: OpenJDK 64-Bit Server VM Microsoft-8035246 (17.0.8+7-LTS, mixed mode, sharing, tiered, compressed oops, compressed class ptrs, g1 gc, windows-amd64)
# Problematic frame:
# V  [jvm.dll+0x2be0a9]
#
# No core dump will be written. Minidumps are not enabled by default on client versions of Windows
#
# If you would like to submit a bug report, please visit:
#   https://github.com/microsoft/openjdk/issues
#

---------------  S U M M A R Y ------------

Command Line: -XX:MaxMetaspaceSize=512m --add-opens=java.base/java.util=ALL-UNNAMED --add-opens=java.base/java.lang=ALL-UNNAMED --add-opens=java.base/java.lang.invoke=ALL-UNNAMED --add-opens=java.prefs/java.util.prefs=ALL-UNNAMED --add-opens=java.base/java.nio.charset=ALL-UNNAMED --add-opens=java.base/java.net=ALL-UNNAMED --add-opens=java.base/java.util.concurrent.atomic=ALL-UNNAMED -Xmx2048m -Dfile.encoding=windows-1254 -Duser.country=TR -Duser.language=tr -Duser.variant -javaagent:C:\Users\Admin\.gradle\wrapper\dists\gradle-8.3-all\6en3ugtfdg5xnpx44z4qbwgas\gradle-8.3\lib\agents\gradle-instrumentation-agent-8.3.jar org.gradle.launcher.daemon.bootstrap.GradleDaemon 8.3

Host: Intel(R) Core(TM) i7-3517U CPU @ 1.90GHz, 4 cores, 7G,  Windows 10 , 64 bit Build 19041 (10.0.19041.3636)
Time: Sun Jan 14 22:51:16 2024 Türkiye Standart Saati elapsed time: 109.949174 seconds (0d 0h 1m 49s)

---------------  T H R E A D  ---------------

Current thread (0x0000027c6851f800):  JavaThread "C2 CompilerThread0" daemon [_thread_in_native, id=14832, stack(0x0000009766400000,0x0000009766500000)]


Current CompileTask:
C2: 109949 14650       4       org.gradle.cache.internal.AsyncCacheAccessDecoratedCache$$Lambda$514/0x0000027c0145cb18::create (12 bytes)

Stack: [0x0000009766400000,0x0000009766500000],  sp=0x00000097664fb8f0,  free space=1006k
Native frames: (J=compiled Java code, j=interpreted, Vv=VM code, C=native code)
V  [jvm.dll+0x2be0a9]
V  [jvm.dll+0x21ba8b]
V  [jvm.dll+0x21944b]
V  [jvm.dll+0x1a56b6]
V  [jvm.dll+0x2291ea]
V  [jvm.dll+0x22724c]
V  [jvm.dll+0x7efd0c]
V  [jvm.dll+0x7ea13a]
V  [jvm.dll+0x67ad85]
C  [ucrtbase.dll+0x21bb2]
C  [KERNEL32.DLL+0x17344]
C  [ntdll.dll+0x526b1]


siginfo: EXCEPTION_ACCESS_VIOLATION (0xc0000005), reading address 0x0000000000000028


Register to memory mapping:

RIP=0x00007ffbda34e0a9 jvm.dll
RAX=0x0000027c717e0080 points into unknown readable memory: 0x0000000000000000 | 00 00 00 00 00 00 00 00
RBX=0x0000000000001802 is an unknown value
RCX=0x0 is NULL
RDX=0x0 is NULL
RSP=0x00000097664fb8f0 is pointing into the stack for thread: 0x0000027c6851f800
RBP=0x00000097664fb960 is pointing into the stack for thread: 0x0000027c6851f800
RSI=0x0 is NULL
RDI=0x0000000000000048 is an unknown value
R8 =0x000000000000ffe0 is an unknown value
R9 =0x0 is NULL
R10=0x00007ffc0e420000 VCRUNTIME140.dll
R11=0x0000027c717e00a0 points into unknown readable memory: 0x0000000000000000 | 00 00 00 00 00 00 00 00
R12=0x0000000000000050 is an unknown value
R13=0x0 is NULL
R14=0x0 is NULL
R15=0x00000097664feb10 is pointing into the stack for thread: 0x0000027c6851f800


Registers:
RAX=0x0000027c717e0080, RBX=0x0000000000001802, RCX=0x0000000000000000, RDX=0x0000000000000000
RSP=0x00000097664fb8f0, RBP=0x00000097664fb960, RSI=0x0000000000000000, RDI=0x0000000000000048
R8 =0x000000000000ffe0, R9 =0x0000000000000000, R10=0x00007ffc0e420000, R11=0x0000027c717e00a0
R12=0x0000000000000050, R13=0x0000000000000000, R14=0x0000000000000000, R15=0x00000097664feb10
RIP=0x00007ffbda34e0a9, EFLAGS=0x0000000000010202

Top of Stack: (sp=0x00000097664fb8f0)
0x00000097664fb8f0:   0000000000001802 0000000000000000
0x00000097664fb900:   00000097664feb10 00007ffbda2b38d1
0x00000097664fb910:   0000027c68517000 00007ffb00002000
0x00000097664fb920:   0000027c717e0080 0000027c00000000
0x00000097664fb930:   0000000000000002 0000027c70463180
0x00000097664fb940:   0000000000000002 0000027c68517000
0x00000097664fb950:   0000000000000000 0000000000000000
0x00000097664fb960:   0000027c684f0620 0000027c4a974f10
0x00000097664fb970:   0000000000000048 00007ffbda9d4c08
0x00000097664fb980:   00000097664fba90 00007ffbda2aba8b
0x00000097664fb990:   00000097664feb10 00007ffbda9d4c08
0x00000097664fb9a0:   00000097664feb10 00000097664fba90
0x00000097664fb9b0:   0000009700000000 00000097664ff670
0x00000097664fb9c0:   000000970000000f 00000097664feb10
0x00000097664fb9d0:   00000097664fbb40 0000027c00000000
0x00000097664fb9e0:   0000027c00000100 00007ffbda9d4c08 

Instructions: (pc=0x00007ffbda34e0a9)
0x00007ffbda34dfa9:   3b d0 75 0b ff c1 41 3b c9 7c dc 48 8b c2 c3 33
0x00007ffbda34dfb9:   c0 c3 cc cc cc cc cc 48 89 5c 24 18 55 56 57 41
0x00007ffbda34dfc9:   55 41 57 48 8b ec 48 83 ec 70 65 48 8b 04 25 58
0x00007ffbda34dfd9:   00 00 00 48 8b f2 44 8b 05 d2 8b 90 00 4c 8b f9
0x00007ffbda34dfe9:   4a 8b 1c c0 b8 50 00 00 00 80 3c 18 00 75 05 e8
0x00007ffbda34dff9:   8b 6f 5d 00 b8 20 00 00 00 48 8b 04 18 48 8b 98
0x00007ffbda34e009:   38 02 00 00 48 89 5d b0 c7 45 b8 04 00 00 00 48
0x00007ffbda34e019:   8b 43 18 48 83 f8 df 76 18 4c 8d 05 37 a9 65 00
0x00007ffbda34e029:   ba 20 00 00 00 48 8b cb e8 5a eb de ff 48 8b 43
0x00007ffbda34e039:   18 48 8d 48 20 48 3b 4b 20 76 11 45 33 c0 48 8b
0x00007ffbda34e049:   cb 41 8d 50 20 e8 fd e8 de ff eb 04 48 89 4b 18
0x00007ffbda34e059:   44 8b 45 b8 33 d2 49 c1 e0 03 48 8b c8 48 89 45
0x00007ffbda34e069:   c0 e8 e3 80 5d 00 45 33 ed 48 8d 4d d0 44 89 6d
0x00007ffbda34e079:   c8 e8 01 59 56 00 41 8b 9f 40 02 00 00 41 2b 9f
0x00007ffbda34e089:   68 02 00 00 44 89 6d f0 3b 5d b8 72 0b 8b d3 48
0x00007ffbda34e099:   8d 4d b0 e8 6f b3 39 00 48 8b 45 c0 4c 89 2c d8
0x00007ffbda34e0a9:   8b 7e 28 8b df c1 eb 05 3b 5d d0 72 0b 8b d3 48
0x00007ffbda34e0b9:   8d 4d d0 e8 1f 59 56 00 48 8b 45 d8 83 e7 1f 48
0x00007ffbda34e0c9:   8d 14 98 40 0f b6 cf 41 b8 01 00 00 00 41 d3 e0
0x00007ffbda34e0d9:   8b 0a 8b c1 41 0b c0 89 02 41 85 c8 75 21 8b 5d
0x00007ffbda34e0e9:   c8 8d 43 01 89 45 c8 3b 5d b8 72 0b 8b d3 48 8d
0x00007ffbda34e0f9:   4d b0 e8 10 b3 39 00 48 8b 45 c0 48 89 34 d8 44
0x00007ffbda34e109:   39 6d c8 0f 86 77 01 00 00 4c 89 a4 24 a0 00 00
0x00007ffbda34e119:   00 4c 89 b4 24 a8 00 00 00 48 8b 45 c0 41 8b cd
0x00007ffbda34e129:   48 8b 34 c8 8b 46 2c 25 ff 1f 00 00 3d 04 10 00
0x00007ffbda34e139:   00 0f 85 a7 00 00 00 bb 01 00 00 00 39 5e 18 76
0x00007ffbda34e149:   39 66 0f 1f 44 00 00 48 8b 46 08 8b cb 48 8b 14
0x00007ffbda34e159:   c8 48 85 d2 74 1d 48 83 7a 10 00 74 16 80 7a 2c
0x00007ffbda34e169:   84 74 10 e8 7f 7e ee ff 48 8b d0 49 8b cf e8 a4
0x00007ffbda34e179:   61 f6 ff ff c3 3b 5e 18 72 cd 48 8b 5e 10 8b 46
0x00007ffbda34e189:   20 4c 8d 34 c3 49 3b de 73 54 48 8b 3b 8b 47 2c
0x00007ffbda34e199:   83 e0 03 3c 03 75 2e 48 8b 07 48 8b cf ff 90 88 


Stack slot to memory mapping:
stack at sp + 0 slots: 0x0000000000001802 is an unknown value
stack at sp + 1 slots: 0x0 is NULL
stack at sp + 2 slots: 0x00000097664feb10 is pointing into the stack for thread: 0x0000027c6851f800
stack at sp + 3 slots: 0x00007ffbda2b38d1 jvm.dll
stack at sp + 4 slots: 0x0000027c68517000 points into unknown readable memory: 0x0000000000000006 | 06 00 00 00 00 00 00 00
stack at sp + 5 slots: 0x00007ffb00002000 is an unknown value
stack at sp + 6 slots: 0x0000027c717e0080 points into unknown readable memory: 0x0000000000000000 | 00 00 00 00 00 00 00 00
stack at sp + 7 slots: 0x0000027c00000000 is pointing into metadata


---------------  P R O C E S S  ---------------

Threads class SMR info:
_java_thread_list=0x0000027c6f233ef0, length=94, elements={
0x0000027c4a95deb0, 0x0000027c684ffba0, 0x0000027c68500930, 0x0000027c685195b0,
0x0000027c6851c150, 0x0000027c6851e330, 0x0000027c6851ec00, 0x0000027c6851f800,
0x0000027c68520110, 0x0000027c685251e0, 0x0000027c687157b0, 0x0000027c68796390,
0x0000027c6dee9a60, 0x0000027c6dec5780, 0x0000027c6dcda140, 0x0000027c6e629260,
0x0000027c6d9dd8f0, 0x0000027c6d9dced0, 0x0000027c6d9dc4b0, 0x0000027c6d9dbfa0,
0x0000027c6d9dd3e0, 0x0000027c6d9dde00, 0x0000027c6d9de310, 0x0000027c6d9dc9c0,
0x0000027c6d9db070, 0x0000027c6d9db580, 0x0000027c6d9dba90, 0x0000027c6efa75b0,
0x0000027c6efa7fd0, 0x0000027c6efa70a0, 0x0000027c6efa5750, 0x0000027c6efa1fa0,
0x0000027c6efa6680, 0x0000027c6efa7ac0, 0x0000027c6efa24b0, 0x0000027c6efa84e0,
0x0000027c6efa1070, 0x0000027c6efa5c60, 0x0000027c6efa6170, 0x0000027c6efa1a90,
0x0000027c6efa2ed0, 0x0000027c6efa89f0, 0x0000027c6efa33e0, 0x0000027c6efa38f0,
0x0000027c6efa4310, 0x0000027c6efa4820, 0x0000027c6efa5240, 0x0000027c700d1cd0,
0x0000027c700cef40, 0x0000027c700d4550, 0x0000027c700d2c00, 0x0000027c700d0380,
0x0000027c700d5480, 0x0000027c700d17c0, 0x0000027c700d26f0, 0x0000027c700d4a60,
0x0000027c700d5990, 0x0000027c700d4040, 0x0000027c700d68c0, 0x0000027c700d0da0,
0x0000027c700d21e0, 0x0000027c700d3b30, 0x0000027c700d3110, 0x0000027c700d4f70,
0x0000027c700d5ea0, 0x0000027c700cfe70, 0x0000027c7195ad60, 0x0000027c7195a850,
0x0000027c719570a0, 0x0000027c7195b270, 0x0000027c71954d30, 0x0000027c719575b0,
0x0000027c71953e00, 0x0000027c71958f00, 0x0000027c71959920, 0x0000027c71956680,
0x0000027c719584e0, 0x0000027c71955750, 0x0000027c71959e30, 0x0000027c71955c60,
0x0000027c71956170, 0x0000027c71959410, 0x0000027c6d9de820, 0x0000027c708b5f80,
0x0000027c708b7de0, 0x0000027c708b73c0, 0x0000027c708b5050, 0x0000027c708b82f0,
0x0000027c708bb080, 0x0000027c708ba150, 0x0000027c708bb590, 0x0000027c708bbaa0,
0x0000027c708b8800, 0x0000027c708b9730
}

Java Threads: ( => current thread )
  0x0000027c4a95deb0 JavaThread "main" [_thread_blocked, id=2720, stack(0x0000009765700000,0x0000009765800000)]
  0x0000027c684ffba0 JavaThread "Reference Handler" daemon [_thread_blocked, id=13448, stack(0x0000009765e00000,0x0000009765f00000)]
  0x0000027c68500930 JavaThread "Finalizer" daemon [_thread_blocked, id=10084, stack(0x0000009765f00000,0x0000009766000000)]
  0x0000027c685195b0 JavaThread "Signal Dispatcher" daemon [_thread_blocked, id=444, stack(0x0000009766000000,0x0000009766100000)]
  0x0000027c6851c150 JavaThread "Attach Listener" daemon [_thread_blocked, id=2700, stack(0x0000009766100000,0x0000009766200000)]
  0x0000027c6851e330 JavaThread "Service Thread" daemon [_thread_blocked, id=12296, stack(0x0000009766200000,0x0000009766300000)]
  0x0000027c6851ec00 JavaThread "Monitor Deflation Thread" daemon [_thread_blocked, id=15080, stack(0x0000009766300000,0x0000009766400000)]
=>0x0000027c6851f800 JavaThread "C2 CompilerThread0" daemon [_thread_in_native, id=14832, stack(0x0000009766400000,0x0000009766500000)]
  0x0000027c68520110 JavaThread "C1 CompilerThread0" daemon [_thread_blocked, id=13736, stack(0x0000009766500000,0x0000009766600000)]
  0x0000027c685251e0 JavaThread "Sweeper thread" daemon [_thread_blocked, id=8444, stack(0x0000009766600000,0x0000009766700000)]
  0x0000027c687157b0 JavaThread "Common-Cleaner" daemon [_thread_blocked, id=8700, stack(0x0000009766700000,0x0000009766800000)]
  0x0000027c68796390 JavaThread "Notification Thread" daemon [_thread_blocked, id=8256, stack(0x0000009766800000,0x0000009766900000)]
  0x0000027c6dee9a60 JavaThread "Daemon health stats" [_thread_blocked, id=14616, stack(0x0000009766d00000,0x0000009766e00000)]
  0x0000027c6dec5780 JavaThread "Incoming local TCP Connector on port 49542" [_thread_in_native, id=3512, stack(0x0000009766e00000,0x0000009766f00000)]
  0x0000027c6dcda140 JavaThread "Daemon periodic checks" [_thread_blocked, id=5628, stack(0x0000009766f00000,0x0000009767000000)]
  0x0000027c6e629260 JavaThread "Daemon" [_thread_blocked, id=3252, stack(0x0000009767000000,0x0000009767100000)]
  0x0000027c6d9dd8f0 JavaThread "Handler for socket connection from /127.0.0.1:49542 to /127.0.0.1:49544" [_thread_in_native, id=9300, stack(0x0000009767100000,0x0000009767200000)]
  0x0000027c6d9dced0 JavaThread "Cancel handler" [_thread_blocked, id=7360, stack(0x0000009767200000,0x0000009767300000)]
  0x0000027c6d9dc4b0 JavaThread "Daemon worker" [_thread_blocked, id=14428, stack(0x0000009767300000,0x0000009767400000)]
  0x0000027c6d9dbfa0 JavaThread "Asynchronous log dispatcher for DefaultDaemonConnection: socket connection from /127.0.0.1:49542 to /127.0.0.1:49544" [_thread_blocked, id=12840, stack(0x0000009767400000,0x0000009767500000)]
  0x0000027c6d9dd3e0 JavaThread "Stdin handler" [_thread_blocked, id=13780, stack(0x0000009767500000,0x0000009767600000)]
  0x0000027c6d9dde00 JavaThread "Daemon client event forwarder" [_thread_blocked, id=13776, stack(0x0000009767600000,0x0000009767700000)]
  0x0000027c6d9de310 JavaThread "Cache worker for journal cache (C:\Users\Admin\.gradle\caches\journal-1)" [_thread_blocked, id=3288, stack(0x0000009767700000,0x0000009767800000)]
  0x0000027c6d9dc9c0 JavaThread "File lock request listener" [_thread_in_native, id=4964, stack(0x0000009767800000,0x0000009767900000)]
  0x0000027c6d9db070 JavaThread "Cache worker for file hash cache (C:\Users\Admin\.gradle\caches\8.3\fileHashes)" [_thread_in_native, id=6396, stack(0x0000009767900000,0x0000009767a00000)]
  0x0000027c6d9db580 JavaThread "File watcher server" daemon [_thread_in_native, id=4408, stack(0x0000009767a00000,0x0000009767b00000)]
  0x0000027c6d9dba90 JavaThread "File watcher consumer" daemon [_thread_blocked, id=2636, stack(0x0000009767b00000,0x0000009767c00000)]
  0x0000027c6efa75b0 JavaThread "Cache worker for checksums cache (D:\Projeler\SOFTWARE\React-Native\facebookClone\android\.gradle\8.3\checksums)" [_thread_blocked, id=5096, stack(0x0000009767c00000,0x0000009767d00000)]
  0x0000027c6efa7fd0 JavaThread "Cache worker for file hash cache (D:\Projeler\SOFTWARE\React-Native\facebookClone\android\.gradle\8.3\fileHashes)" [_thread_blocked, id=2360, stack(0x0000009767d00000,0x0000009767e00000)]
  0x0000027c6efa70a0 JavaThread "Cache worker for cache directory md-supplier (C:\Users\Admin\.gradle\caches\8.3\md-supplier)" [_thread_blocked, id=1312, stack(0x0000009767e00000,0x0000009767f00000)]
  0x0000027c6efa5750 JavaThread "Cache worker for file content cache (C:\Users\Admin\.gradle\caches\8.3\fileContent)" [_thread_blocked, id=11800, stack(0x0000009767f00000,0x0000009768000000)]
  0x0000027c6efa1fa0 JavaThread "Cache worker for cache directory md-rule (C:\Users\Admin\.gradle\caches\8.3\md-rule)" [_thread_blocked, id=14728, stack(0x0000009768100000,0x0000009768200000)]
  0x0000027c6efa6680 JavaThread "Cache worker for execution history cache (C:\Users\Admin\.gradle\caches\8.3\executionHistory)" [_thread_blocked, id=6752, stack(0x0000009768200000,0x0000009768300000)]
  0x0000027c6efa7ac0 JavaThread "jar transforms" [_thread_blocked, id=7800, stack(0x0000009768300000,0x0000009768400000)]
  0x0000027c6efa24b0 JavaThread "jar transforms Thread 2" [_thread_blocked, id=14604, stack(0x0000009768400000,0x0000009768500000)]
  0x0000027c6efa84e0 JavaThread "jar transforms Thread 3" [_thread_blocked, id=844, stack(0x0000009768500000,0x0000009768600000)]
  0x0000027c6efa1070 JavaThread "jar transforms Thread 4" [_thread_blocked, id=15352, stack(0x0000009768700000,0x0000009768800000)]
  0x0000027c6efa5c60 JavaThread "Cache worker for kotlin-dsl (C:\Users\Admin\.gradle\caches\8.3\kotlin-dsl)" [_thread_blocked, id=14272, stack(0x0000009768800000,0x0000009768900000)]
  0x0000027c6efa6170 JavaThread "Unconstrained build operations" [_thread_in_native, id=13408, stack(0x0000009768600000,0x0000009768700000)]
  0x0000027c6efa1a90 JavaThread "Unconstrained build operations Thread 2" [_thread_in_native, id=15032, stack(0x0000009768900000,0x0000009768a00000)]
  0x0000027c6efa2ed0 JavaThread "Cache worker for dependencies-accessors (D:\Projeler\SOFTWARE\React-Native\facebookClone\android\.gradle\8.3\dependencies-accessors)" [_thread_blocked, id=3552, stack(0x0000009768a00000,0x0000009768b00000)]
  0x0000027c6efa89f0 JavaThread "Cache worker for Build Output Cleanup Cache (D:\Projeler\SOFTWARE\React-Native\facebookClone\node_modules\@react-native\gradle-plugin\.gradle\buildOutputCleanup)" [_thread_blocked, id=6700, stack(0x0000009768d00000,0x0000009768e00000)]
  0x0000027c6efa33e0 JavaThread "Unconstrained build operations Thread 3" [_thread_in_native, id=7668, stack(0x0000009768e00000,0x0000009768f00000)]
  0x0000027c6efa38f0 JavaThread "Unconstrained build operations Thread 4" [_thread_blocked, id=15328, stack(0x0000009768f00000,0x0000009769000000)]
  0x0000027c6efa4310 JavaThread "Unconstrained build operations Thread 5" [_thread_blocked, id=2192, stack(0x0000009769000000,0x0000009769100000)]
  0x0000027c6efa4820 JavaThread "Memory manager" [_thread_blocked, id=14260, stack(0x0000009769100000,0x0000009769200000)]
  0x0000027c6efa5240 JavaThread "Cache worker for Build Output Cleanup Cache (D:\Projeler\SOFTWARE\React-Native\facebookClone\android\.gradle\buildOutputCleanup)" [_thread_blocked, id=14992, stack(0x0000009769200000,0x0000009769300000)]
  0x0000027c700d1cd0 JavaThread "ForkJoinPool.commonPool-worker-1" daemon [_thread_blocked, id=4248, stack(0x0000009769300000,0x0000009769400000)]
  0x0000027c700cef40 JavaThread "ForkJoinPool.commonPool-worker-2" daemon [_thread_blocked, id=1812, stack(0x0000009769400000,0x0000009769500000)]
  0x0000027c700d4550 JavaThread "ForkJoinPool.commonPool-worker-3" daemon [_thread_blocked, id=10120, stack(0x0000009769500000,0x0000009769600000)]
  0x0000027c700d2c00 JavaThread "Exec process" [_thread_blocked, id=10996, stack(0x0000009769600000,0x0000009769700000)]
  0x0000027c700d0380 JavaThread "Exec process Thread 2" [_thread_blocked, id=14044, stack(0x0000009769700000,0x0000009769800000)]
  0x0000027c700d5480 JavaThread "Exec process Thread 3" [_thread_blocked, id=11764, stack(0x0000009769800000,0x0000009769900000)]
  0x0000027c700d17c0 JavaThread "included builds" [_thread_in_native, id=14096, stack(0x0000009769900000,0x0000009769a00000)]
  0x0000027c700d26f0 JavaThread "Execution worker" [_thread_blocked, id=9924, stack(0x0000009769a00000,0x0000009769b00000)]
  0x0000027c700d4a60 JavaThread "Execution worker Thread 2" [_thread_blocked, id=13376, stack(0x0000009769b00000,0x0000009769c00000)]
  0x0000027c700d5990 JavaThread "Execution worker Thread 3" [_thread_blocked, id=15324, stack(0x0000009769c00000,0x0000009769d00000)]
  0x0000027c700d4040 JavaThread "Cache worker for execution history cache (D:\Projeler\SOFTWARE\React-Native\facebookClone\node_modules\@react-native\gradle-plugin\.gradle\8.3\executionHistory)" [_thread_blocked, id=5024, stack(0x0000009769d00000,0x0000009769e00000)]
  0x0000027c700d68c0 JavaThread "Unconstrained build operations Thread 6" [_thread_blocked, id=13740, stack(0x0000009769e00000,0x0000009769f00000)]
  0x0000027c700d0da0 JavaThread "Unconstrained build operations Thread 7" [_thread_blocked, id=10300, stack(0x0000009769f00000,0x000000976a000000)]
  0x0000027c700d21e0 JavaThread "Unconstrained build operations Thread 8" [_thread_blocked, id=14792, stack(0x000000976a000000,0x000000976a100000)]
  0x0000027c700d3b30 JavaThread "Unconstrained build operations Thread 9" [_thread_blocked, id=10484, stack(0x000000976a100000,0x000000976a200000)]
  0x0000027c700d3110 JavaThread "Unconstrained build operations Thread 10" [_thread_blocked, id=10076, stack(0x000000976a200000,0x000000976a300000)]
  0x0000027c700d4f70 JavaThread "Unconstrained build operations Thread 11" [_thread_blocked, id=2088, stack(0x000000976a300000,0x000000976a400000)]
  0x0000027c700d5ea0 JavaThread "Unconstrained build operations Thread 12" [_thread_blocked, id=8236, stack(0x000000976a400000,0x000000976a500000)]
  0x0000027c700cfe70 JavaThread "Unconstrained build operations Thread 13" [_thread_blocked, id=9064, stack(0x000000976a500000,0x000000976a600000)]
  0x0000027c7195ad60 JavaThread "Unconstrained build operations Thread 14" [_thread_blocked, id=4252, stack(0x0000009765600000,0x0000009765700000)]
  0x0000027c7195a850 JavaThread "Unconstrained build operations Thread 15" [_thread_blocked, id=13320, stack(0x000000976a600000,0x000000976a700000)]
  0x0000027c719570a0 JavaThread "Unconstrained build operations Thread 16" [_thread_blocked, id=8664, stack(0x000000976a700000,0x000000976a800000)]
  0x0000027c7195b270 JavaThread "Unconstrained build operations Thread 17" [_thread_blocked, id=10804, stack(0x000000976a800000,0x000000976a900000)]
  0x0000027c71954d30 JavaThread "Unconstrained build operations Thread 18" [_thread_blocked, id=5524, stack(0x000000976a900000,0x000000976aa00000)]
  0x0000027c719575b0 JavaThread "Unconstrained build operations Thread 19" [_thread_blocked, id=2304, stack(0x000000976aa00000,0x000000976ab00000)]
  0x0000027c71953e00 JavaThread "Unconstrained build operations Thread 20" [_thread_blocked, id=11748, stack(0x0000009765500000,0x0000009765600000)]
  0x0000027c71958f00 JavaThread "Unconstrained build operations Thread 21" [_thread_blocked, id=3872, stack(0x000000976ab00000,0x000000976ac00000)]
  0x0000027c71959920 JavaThread "Unconstrained build operations Thread 22" [_thread_blocked, id=5216, stack(0x000000976ac00000,0x000000976ad00000)]
  0x0000027c71956680 JavaThread "Unconstrained build operations Thread 23" [_thread_blocked, id=15108, stack(0x000000976ad00000,0x000000976ae00000)]
  0x0000027c719584e0 JavaThread "Unconstrained build operations Thread 24" [_thread_blocked, id=8264, stack(0x000000976ae00000,0x000000976af00000)]
  0x0000027c71955750 JavaThread "Unconstrained build operations Thread 25" [_thread_blocked, id=3168, stack(0x000000976af00000,0x000000976b000000)]
  0x0000027c71959e30 JavaThread "Unconstrained build operations Thread 26" [_thread_blocked, id=10644, stack(0x000000976b000000,0x000000976b100000)]
  0x0000027c71955c60 JavaThread "Unconstrained build operations Thread 27" [_thread_blocked, id=8680, stack(0x000000976b100000,0x000000976b200000)]
  0x0000027c71956170 JavaThread "Unconstrained build operations Thread 28" [_thread_blocked, id=15216, stack(0x000000976b200000,0x000000976b300000)]
  0x0000027c71959410 JavaThread "Unconstrained build operations Thread 29" [_thread_blocked, id=6684, stack(0x000000976b300000,0x000000976b400000)]
  0x0000027c6d9de820 JavaThread "Unconstrained build operations Thread 30" [_thread_blocked, id=14172, stack(0x000000976b400000,0x000000976b500000)]
  0x0000027c708b5f80 JavaThread "Unconstrained build operations Thread 31" [_thread_blocked, id=6132, stack(0x000000976b500000,0x000000976b600000)]
  0x0000027c708b7de0 JavaThread "Unconstrained build operations Thread 32" [_thread_blocked, id=13152, stack(0x000000976b600000,0x000000976b700000)]
  0x0000027c708b73c0 JavaThread "Unconstrained build operations Thread 33" [_thread_blocked, id=5712, stack(0x000000976b700000,0x000000976b800000)]
  0x0000027c708b5050 JavaThread "Unconstrained build operations Thread 34" [_thread_blocked, id=6616, stack(0x000000976b800000,0x000000976b900000)]
  0x0000027c708b82f0 JavaThread "Unconstrained build operations Thread 35" [_thread_blocked, id=1824, stack(0x000000976b900000,0x000000976ba00000)]
  0x0000027c708bb080 JavaThread "Unconstrained build operations Thread 36" [_thread_blocked, id=13824, stack(0x000000976ba00000,0x000000976bb00000)]
  0x0000027c708ba150 JavaThread "Unconstrained build operations Thread 37" [_thread_blocked, id=6324, stack(0x000000976bb00000,0x000000976bc00000)]
  0x0000027c708bb590 JavaThread "Unconstrained build operations Thread 38" [_thread_blocked, id=7388, stack(0x000000976bc00000,0x000000976bd00000)]
  0x0000027c708bbaa0 JavaThread "Unconstrained build operations Thread 39" [_thread_blocked, id=6944, stack(0x000000976bd00000,0x000000976be00000)]
  0x0000027c708b8800 JavaThread "Unconstrained build operations Thread 40" [_thread_blocked, id=1628, stack(0x000000976be00000,0x000000976bf00000)]
  0x0000027c708b9730 JavaThread "Cache worker for execution history cache (D:\Projeler\SOFTWARE\React-Native\facebookClone\android\.gradle\8.3\executionHistory)" [_thread_blocked, id=5500, stack(0x000000976bf00000,0x000000976c000000)]

Other Threads:
  0x0000027c684fa010 VMThread "VM Thread" [stack: 0x0000009765d00000,0x0000009765e00000] [id=7020]
  0x0000027c68796870 WatcherThread [stack: 0x0000009766900000,0x0000009766a00000] [id=9648]
  0x0000027c4a9bb210 GCTaskThread "GC Thread#0" [stack: 0x0000009765800000,0x0000009765900000] [id=14320]
  0x0000027c68a7eac0 GCTaskThread "GC Thread#1" [stack: 0x0000009766a00000,0x0000009766b00000] [id=5760]
  0x0000027c6d0bd910 GCTaskThread "GC Thread#2" [stack: 0x0000009766b00000,0x0000009766c00000] [id=10280]
  0x0000027c6d67f890 GCTaskThread "GC Thread#3" [stack: 0x0000009766c00000,0x0000009766d00000] [id=13128]
  0x0000027c4a9cd080 ConcurrentGCThread "G1 Main Marker" [stack: 0x0000009765900000,0x0000009765a00000] [id=13564]
  0x0000027c4a9cd9a0 ConcurrentGCThread "G1 Conc#0" [stack: 0x0000009765a00000,0x0000009765b00000] [id=740]
  0x0000027c4aa1e9d0 ConcurrentGCThread "G1 Refine#0" [stack: 0x0000009765b00000,0x0000009765c00000] [id=1908]
  0x0000027c6e45fca0 ConcurrentGCThread "G1 Refine#1" [stack: 0x0000009768000000,0x0000009768100000] [id=2372]
  0x0000027c683b44b0 ConcurrentGCThread "G1 Service" [stack: 0x0000009765c00000,0x0000009765d00000] [id=3792]

Threads with active compile tasks:
C2 CompilerThread0   110079 14650       4       org.gradle.cache.internal.AsyncCacheAccessDecoratedCache$$Lambda$514/0x0000027c0145cb18::create (12 bytes)

VM state: not at safepoint (normal execution)

VM Mutex/Monitor currently owned by a thread: None

Heap address: 0x0000000080000000, size: 2048 MB, Compressed Oops mode: 32-bit

CDS archive(s) mapped at: [0x0000027c00000000-0x0000027c00bd0000-0x0000027c00bd0000), size 12386304, SharedBaseAddress: 0x0000027c00000000, ArchiveRelocationMode: 1.
Compressed class space mapped at: 0x0000027c01000000-0x0000027c1b000000, reserved size: 436207616
Narrow klass base: 0x0000027c00000000, Narrow klass shift: 0, Narrow klass range: 0x100000000

GC Precious Log:
 CPUs: 4 total, 4 available
 Memory: 8077M
 Large Page Support: Disabled
 NUMA Support: Disabled
 Compressed Oops: Enabled (32-bit)
 Heap Region Size: 1M
 Heap Min Capacity: 8M
 Heap Initial Capacity: 128M
 Heap Max Capacity: 2G
 Pre-touch: Disabled
 Parallel Workers: 4
 Concurrent Workers: 1
 Concurrent Refinement Workers: 4
 Periodic GC: Disabled

Heap:
 garbage-first heap   total 229376K, used 168017K [0x0000000080000000, 0x0000000100000000)
  region size 1024K, 12 young (12288K), 2 survivors (2048K)
 Metaspace       used 98056K, committed 99008K, reserved 557056K
  class space    used 13699K, committed 14144K, reserved 425984K

Heap Regions: E=young(eden), S=young(survivor), O=old, HS=humongous(starts), HC=humongous(continues), CS=collection set, F=free, OA=open archive, CA=closed archive, TAMS=top-at-mark-start (previous, next)
|   0|0x0000000080000000, 0x0000000080100000, 0x0000000080100000|100%| O|  |TAMS 0x0000000080100000, 0x0000000080000000| Untracked 
|   1|0x0000000080100000, 0x0000000080200000, 0x0000000080200000|100%| O|  |TAMS 0x0000000080200000, 0x0000000080100000| Untracked 
|   2|0x0000000080200000, 0x0000000080300000, 0x0000000080300000|100%|HS|  |TAMS 0x0000000080300000, 0x0000000080200000| Complete 
|   3|0x0000000080300000, 0x0000000080400000, 0x0000000080400000|100%|HC|  |TAMS 0x0000000080400000, 0x0000000080300000| Complete 
|   4|0x0000000080400000, 0x0000000080500000, 0x0000000080500000|100%|HC|  |TAMS 0x0000000080500000, 0x0000000080400000| Complete 
|   5|0x0000000080500000, 0x0000000080600000, 0x0000000080600000|100%|HC|  |TAMS 0x0000000080600000, 0x0000000080500000| Complete 
|   6|0x0000000080600000, 0x0000000080700000, 0x0000000080700000|100%| O|  |TAMS 0x0000000080600000, 0x0000000080600000| Untracked 
|   7|0x0000000080700000, 0x0000000080800000, 0x0000000080800000|100%| O|  |TAMS 0x0000000080800000, 0x0000000080700000| Untracked 
|   8|0x0000000080800000, 0x0000000080900000, 0x0000000080900000|100%| O|  |TAMS 0x0000000080900000, 0x0000000080800000| Untracked 
|   9|0x0000000080900000, 0x0000000080a00000, 0x0000000080a00000|100%| O|  |TAMS 0x0000000080a00000, 0x0000000080900000| Untracked 
|  10|0x0000000080a00000, 0x0000000080b00000, 0x0000000080b00000|100%| O|  |TAMS 0x0000000080b00000, 0x0000000080a00000| Untracked 
|  11|0x0000000080b00000, 0x0000000080c00000, 0x0000000080c00000|100%| O|  |TAMS 0x0000000080c00000, 0x0000000080b00000| Untracked 
|  12|0x0000000080c00000, 0x0000000080d00000, 0x0000000080d00000|100%| O|  |TAMS 0x0000000080d00000, 0x0000000080c00000| Untracked 
|  13|0x0000000080d00000, 0x0000000080e00000, 0x0000000080e00000|100%| O|  |TAMS 0x0000000080e00000, 0x0000000080d00000| Untracked 
|  14|0x0000000080e00000, 0x0000000080f00000, 0x0000000080f00000|100%| O|  |TAMS 0x0000000080f00000, 0x0000000080e00000| Untracked 
|  15|0x0000000080f00000, 0x0000000081000000, 0x0000000081000000|100%| O|  |TAMS 0x0000000081000000, 0x0000000080f00000| Untracked 
|  16|0x0000000081000000, 0x0000000081100000, 0x0000000081100000|100%| O|  |TAMS 0x0000000081100000, 0x0000000081000000| Untracked 
|  17|0x0000000081100000, 0x0000000081200000, 0x0000000081200000|100%| O|  |TAMS 0x0000000081200000, 0x0000000081100000| Untracked 
|  18|0x0000000081200000, 0x0000000081300000, 0x0000000081300000|100%| O|  |TAMS 0x0000000081300000, 0x0000000081200000| Untracked 
|  19|0x0000000081300000, 0x0000000081400000, 0x0000000081400000|100%| O|  |TAMS 0x0000000081400000, 0x0000000081300000| Untracked 
|  20|0x0000000081400000, 0x0000000081500000, 0x0000000081500000|100%| O|  |TAMS 0x0000000081500000, 0x0000000081400000| Untracked 
|  21|0x0000000081500000, 0x0000000081600000, 0x0000000081600000|100%| O|  |TAMS 0x0000000081600000, 0x0000000081500000| Untracked 
|  22|0x0000000081600000, 0x0000000081700000, 0x0000000081700000|100%| O|  |TAMS 0x0000000081700000, 0x0000000081600000| Untracked 
|  23|0x0000000081700000, 0x0000000081800000, 0x0000000081800000|100%| O|  |TAMS 0x0000000081800000, 0x0000000081700000| Untracked 
|  24|0x0000000081800000, 0x0000000081900000, 0x0000000081900000|100%| O|  |TAMS 0x0000000081900000, 0x0000000081800000| Untracked 
|  25|0x0000000081900000, 0x0000000081a00000, 0x0000000081a00000|100%| O|  |TAMS 0x0000000081a00000, 0x0000000081900000| Untracked 
|  26|0x0000000081a00000, 0x0000000081b00000, 0x0000000081b00000|100%| O|  |TAMS 0x0000000081b00000, 0x0000000081a00000| Untracked 
|  27|0x0000000081b00000, 0x0000000081c00000, 0x0000000081c00000|100%| O|  |TAMS 0x0000000081c00000, 0x0000000081b00000| Untracked 
|  28|0x0000000081c00000, 0x0000000081d00000, 0x0000000081d00000|100%| O|  |TAMS 0x0000000081d00000, 0x0000000081c00000| Untracked 
|  29|0x0000000081d00000, 0x0000000081e00000, 0x0000000081e00000|100%| O|  |TAMS 0x0000000081e00000, 0x0000000081d00000| Untracked 
|  30|0x0000000081e00000, 0x0000000081f00000, 0x0000000081f00000|100%|HS|  |TAMS 0x0000000081f00000, 0x0000000081e00000| Complete 
|  31|0x0000000081f00000, 0x0000000082000000, 0x0000000082000000|100%|HC|  |TAMS 0x0000000082000000, 0x0000000081f00000| Complete 
|  32|0x0000000082000000, 0x0000000082100000, 0x0000000082100000|100%| O|  |TAMS 0x0000000082100000, 0x0000000082000000| Untracked 
|  33|0x0000000082100000, 0x0000000082200000, 0x0000000082200000|100%| O|  |TAMS 0x0000000082200000, 0x0000000082100000| Untracked 
|  34|0x0000000082200000, 0x0000000082300000, 0x0000000082300000|100%| O|  |TAMS 0x0000000082300000, 0x0000000082200000| Untracked 
|  35|0x0000000082300000, 0x0000000082400000, 0x0000000082400000|100%| O|  |TAMS 0x0000000082400000, 0x0000000082300000| Untracked 
|  36|0x0000000082400000, 0x0000000082500000, 0x0000000082500000|100%| O|  |TAMS 0x0000000082500000, 0x0000000082400000| Untracked 
|  37|0x0000000082500000, 0x0000000082600000, 0x0000000082600000|100%| O|  |TAMS 0x0000000082600000, 0x0000000082500000| Untracked 
|  38|0x0000000082600000, 0x0000000082700000, 0x0000000082700000|100%| O|  |TAMS 0x0000000082700000, 0x0000000082600000| Untracked 
|  39|0x0000000082700000, 0x0000000082800000, 0x0000000082800000|100%|HS|  |TAMS 0x0000000082800000, 0x0000000082700000| Complete 
|  40|0x0000000082800000, 0x0000000082900000, 0x0000000082900000|100%|HC|  |TAMS 0x0000000082900000, 0x0000000082800000| Complete 
|  41|0x0000000082900000, 0x0000000082a00000, 0x0000000082a00000|100%| O|  |TAMS 0x0000000082a00000, 0x0000000082900000| Untracked 
|  42|0x0000000082a00000, 0x0000000082b00000, 0x0000000082b00000|100%| O|  |TAMS 0x0000000082b00000, 0x0000000082a00000| Untracked 
|  43|0x0000000082b00000, 0x0000000082c00000, 0x0000000082c00000|100%|HS|  |TAMS 0x0000000082c00000, 0x0000000082b00000| Complete 
|  44|0x0000000082c00000, 0x0000000082d00000, 0x0000000082d00000|100%|HC|  |TAMS 0x0000000082d00000, 0x0000000082c00000| Complete 
|  45|0x0000000082d00000, 0x0000000082e00000, 0x0000000082e00000|100%|HC|  |TAMS 0x0000000082e00000, 0x0000000082d00000| Complete 
|  46|0x0000000082e00000, 0x0000000082f00000, 0x0000000082f00000|100%|HC|  |TAMS 0x0000000082f00000, 0x0000000082e00000| Complete 
|  47|0x0000000082f00000, 0x0000000083000000, 0x0000000083000000|100%| O|  |TAMS 0x0000000083000000, 0x0000000082f00000| Untracked 
|  48|0x0000000083000000, 0x0000000083100000, 0x0000000083100000|100%| O|  |TAMS 0x0000000083100000, 0x0000000083000000| Untracked 
|  49|0x0000000083100000, 0x0000000083200000, 0x0000000083200000|100%| O|  |TAMS 0x0000000083200000, 0x0000000083100000| Untracked 
|  50|0x0000000083200000, 0x0000000083300000, 0x0000000083300000|100%| O|  |TAMS 0x0000000083300000, 0x0000000083200000| Untracked 
|  51|0x0000000083300000, 0x0000000083400000, 0x0000000083400000|100%|HS|  |TAMS 0x0000000083400000, 0x0000000083300000| Complete 
|  52|0x0000000083400000, 0x0000000083500000, 0x0000000083500000|100%|HC|  |TAMS 0x0000000083500000, 0x0000000083400000| Complete 
|  53|0x0000000083500000, 0x0000000083600000, 0x0000000083600000|100%|HC|  |TAMS 0x0000000083600000, 0x0000000083500000| Complete 
|  54|0x0000000083600000, 0x0000000083700000, 0x0000000083700000|100%|HC|  |TAMS 0x0000000083700000, 0x0000000083600000| Complete 
|  55|0x0000000083700000, 0x0000000083800000, 0x0000000083800000|100%| O|  |TAMS 0x0000000083800000, 0x0000000083700000| Untracked 
|  56|0x0000000083800000, 0x0000000083900000, 0x0000000083900000|100%| O|  |TAMS 0x0000000083900000, 0x0000000083800000| Untracked 
|  57|0x0000000083900000, 0x0000000083a00000, 0x0000000083a00000|100%| O|  |TAMS 0x0000000083a00000, 0x0000000083900000| Untracked 
|  58|0x0000000083a00000, 0x0000000083b00000, 0x0000000083b00000|100%| O|  |TAMS 0x0000000083b00000, 0x0000000083a00000| Untracked 
|  59|0x0000000083b00000, 0x0000000083c00000, 0x0000000083c00000|100%| O|  |TAMS 0x0000000083c00000, 0x0000000083b00000| Untracked 
|  60|0x0000000083c00000, 0x0000000083d00000, 0x0000000083d00000|100%| O|  |TAMS 0x0000000083d00000, 0x0000000083c00000| Untracked 
|  61|0x0000000083d00000, 0x0000000083e00000, 0x0000000083e00000|100%| O|  |TAMS 0x0000000083e00000, 0x0000000083d00000| Untracked 
|  62|0x0000000083e00000, 0x0000000083f00000, 0x0000000083f00000|100%| O|  |TAMS 0x0000000083f00000, 0x0000000083e00000| Untracked 
|  63|0x0000000083f00000, 0x0000000084000000, 0x0000000084000000|100%| O|  |TAMS 0x0000000084000000, 0x0000000083f00000| Untracked 
|  64|0x0000000084000000, 0x0000000084100000, 0x0000000084100000|100%| O|  |TAMS 0x0000000084100000, 0x0000000084000000| Untracked 
|  65|0x0000000084100000, 0x0000000084200000, 0x0000000084200000|100%|HS|  |TAMS 0x0000000084200000, 0x0000000084100000| Complete 
|  66|0x0000000084200000, 0x0000000084300000, 0x0000000084300000|100%|HS|  |TAMS 0x0000000084300000, 0x0000000084200000| Complete 
|  67|0x0000000084300000, 0x0000000084400000, 0x0000000084400000|100%|HS|  |TAMS 0x0000000084400000, 0x0000000084300000| Complete 
|  68|0x0000000084400000, 0x0000000084500000, 0x0000000084500000|100%| O|  |TAMS 0x0000000084500000, 0x0000000084400000| Untracked 
|  69|0x0000000084500000, 0x0000000084600000, 0x0000000084600000|100%| O|  |TAMS 0x0000000084600000, 0x0000000084500000| Untracked 
|  70|0x0000000084600000, 0x0000000084700000, 0x0000000084700000|100%| O|  |TAMS 0x0000000084700000, 0x0000000084600000| Untracked 
|  71|0x0000000084700000, 0x0000000084800000, 0x0000000084800000|100%|HS|  |TAMS 0x0000000084800000, 0x0000000084700000| Complete 
|  72|0x0000000084800000, 0x0000000084900000, 0x0000000084900000|100%| O|  |TAMS 0x0000000084900000, 0x0000000084800000| Untracked 
|  73|0x0000000084900000, 0x0000000084a00000, 0x0000000084a00000|100%| O|  |TAMS 0x0000000084a00000, 0x0000000084900000| Untracked 
|  74|0x0000000084a00000, 0x0000000084b00000, 0x0000000084b00000|100%| O|  |TAMS 0x0000000084b00000, 0x0000000084a00000| Untracked 
|  75|0x0000000084b00000, 0x0000000084c00000, 0x0000000084c00000|100%| O|  |TAMS 0x0000000084c00000, 0x0000000084b00000| Untracked 
|  76|0x0000000084c00000, 0x0000000084d00000, 0x0000000084d00000|100%| O|  |TAMS 0x0000000084d00000, 0x0000000084c00000| Untracked 
|  77|0x0000000084d00000, 0x0000000084e00000, 0x0000000084e00000|100%| O|  |TAMS 0x0000000084e00000, 0x0000000084d00000| Untracked 
|  78|0x0000000084e00000, 0x0000000084f00000, 0x0000000084f00000|100%| O|  |TAMS 0x0000000084f00000, 0x0000000084e00000| Untracked 
|  79|0x0000000084f00000, 0x0000000085000000, 0x0000000085000000|100%| O|  |TAMS 0x0000000085000000, 0x0000000084f00000| Untracked 
|  80|0x0000000085000000, 0x0000000085100000, 0x0000000085100000|100%| O|  |TAMS 0x0000000085100000, 0x0000000085000000| Untracked 
|  81|0x0000000085100000, 0x0000000085200000, 0x0000000085200000|100%| O|  |TAMS 0x000000008511e000, 0x0000000085100000| Untracked 
|  82|0x0000000085200000, 0x0000000085300000, 0x0000000085300000|100%| O|  |TAMS 0x0000000085200000, 0x0000000085200000| Untracked 
|  83|0x0000000085300000, 0x0000000085400000, 0x0000000085400000|100%| O|  |TAMS 0x0000000085300000, 0x0000000085300000| Untracked 
|  84|0x0000000085400000, 0x0000000085500000, 0x0000000085500000|100%| O|  |TAMS 0x0000000085500000, 0x0000000085400000| Untracked 
|  85|0x0000000085500000, 0x0000000085600000, 0x0000000085600000|100%| O|  |TAMS 0x0000000085500000, 0x0000000085500000| Untracked 
|  86|0x0000000085600000, 0x0000000085700000, 0x0000000085700000|100%| O|  |TAMS 0x0000000085600000, 0x0000000085600000| Untracked 
|  87|0x0000000085700000, 0x0000000085800000, 0x0000000085800000|100%| O|  |TAMS 0x0000000085700000, 0x0000000085700000| Untracked 
|  88|0x0000000085800000, 0x0000000085900000, 0x0000000085900000|100%| O|  |TAMS 0x0000000085800000, 0x0000000085800000| Untracked 
|  89|0x0000000085900000, 0x0000000085a00000, 0x0000000085a00000|100%| O|  |TAMS 0x0000000085900000, 0x0000000085900000| Untracked 
|  90|0x0000000085a00000, 0x0000000085b00000, 0x0000000085b00000|100%|HS|  |TAMS 0x0000000085a00000, 0x0000000085a00000| Complete 
|  91|0x0000000085b00000, 0x0000000085c00000, 0x0000000085c00000|100%|HS|  |TAMS 0x0000000085b00000, 0x0000000085b00000| Complete 
|  92|0x0000000085c00000, 0x0000000085d00000, 0x0000000085d00000|100%|HS|  |TAMS 0x0000000085c00000, 0x0000000085c00000| Complete 
|  93|0x0000000085d00000, 0x0000000085e00000, 0x0000000085e00000|100%|HS|  |TAMS 0x0000000085d00000, 0x0000000085d00000| Complete 
|  94|0x0000000085e00000, 0x0000000085f00000, 0x0000000085f00000|100%|HC|  |TAMS 0x0000000085e00000, 0x0000000085e00000| Complete 
|  95|0x0000000085f00000, 0x0000000086000000, 0x0000000086000000|100%| O|  |TAMS 0x0000000085f00000, 0x0000000085f00000| Untracked 
|  96|0x0000000086000000, 0x0000000086100000, 0x0000000086100000|100%| O|  |TAMS 0x0000000086000000, 0x0000000086000000| Untracked 
|  97|0x0000000086100000, 0x0000000086200000, 0x0000000086200000|100%| O|  |TAMS 0x0000000086100000, 0x0000000086100000| Untracked 
|  98|0x0000000086200000, 0x0000000086300000, 0x0000000086300000|100%| O|  |TAMS 0x0000000086200000, 0x0000000086200000| Untracked 
|  99|0x0000000086300000, 0x0000000086400000, 0x0000000086400000|100%| O|  |TAMS 0x0000000086300000, 0x0000000086300000| Untracked 
| 100|0x0000000086400000, 0x0000000086500000, 0x0000000086500000|100%| O|  |TAMS 0x0000000086400000, 0x0000000086400000| Untracked 
| 101|0x0000000086500000, 0x0000000086600000, 0x0000000086600000|100%| O|  |TAMS 0x0000000086500000, 0x0000000086500000| Untracked 
| 102|0x0000000086600000, 0x0000000086700000, 0x0000000086700000|100%| O|  |TAMS 0x0000000086600000, 0x0000000086600000| Untracked 
| 103|0x0000000086700000, 0x0000000086800000, 0x0000000086800000|100%| O|  |TAMS 0x0000000086700000, 0x0000000086700000| Untracked 
| 104|0x0000000086800000, 0x0000000086900000, 0x0000000086900000|100%| O|  |TAMS 0x0000000086800000, 0x0000000086800000| Untracked 
| 105|0x0000000086900000, 0x0000000086a00000, 0x0000000086a00000|100%| O|  |TAMS 0x0000000086900000, 0x0000000086900000| Untracked 
| 106|0x0000000086a00000, 0x0000000086b00000, 0x0000000086b00000|100%| O|  |TAMS 0x0000000086a00000, 0x0000000086a00000| Untracked 
| 107|0x0000000086b00000, 0x0000000086c00000, 0x0000000086c00000|100%| O|  |TAMS 0x0000000086b00000, 0x0000000086b00000| Untracked 
| 108|0x0000000086c00000, 0x0000000086d00000, 0x0000000086d00000|100%| O|  |TAMS 0x0000000086c00000, 0x0000000086c00000| Untracked 
| 109|0x0000000086d00000, 0x0000000086e00000, 0x0000000086e00000|100%| O|  |TAMS 0x0000000086d00000, 0x0000000086d00000| Untracked 
| 110|0x0000000086e00000, 0x0000000086f00000, 0x0000000086f00000|100%| O|  |TAMS 0x0000000086e00000, 0x0000000086e00000| Untracked 
| 111|0x0000000086f00000, 0x0000000087000000, 0x0000000087000000|100%| O|  |TAMS 0x0000000086f00000, 0x0000000086f00000| Untracked 
| 112|0x0000000087000000, 0x0000000087100000, 0x0000000087100000|100%| O|  |TAMS 0x0000000087000000, 0x0000000087000000| Untracked 
| 113|0x0000000087100000, 0x0000000087200000, 0x0000000087200000|100%| O|  |TAMS 0x0000000087100000, 0x0000000087100000| Untracked 
| 114|0x0000000087200000, 0x0000000087300000, 0x0000000087300000|100%| O|  |TAMS 0x0000000087200000, 0x0000000087200000| Untracked 
| 115|0x0000000087300000, 0x0000000087400000, 0x0000000087400000|100%|HS|  |TAMS 0x0000000087300000, 0x0000000087300000| Complete 
| 116|0x0000000087400000, 0x0000000087500000, 0x0000000087500000|100%|HS|  |TAMS 0x0000000087400000, 0x0000000087400000| Complete 
| 117|0x0000000087500000, 0x0000000087600000, 0x0000000087600000|100%| O|  |TAMS 0x0000000087500000, 0x0000000087500000| Untracked 
| 118|0x0000000087600000, 0x0000000087700000, 0x0000000087700000|100%| O|  |TAMS 0x0000000087600000, 0x0000000087600000| Untracked 
| 119|0x0000000087700000, 0x0000000087800000, 0x0000000087800000|100%| O|  |TAMS 0x0000000087700000, 0x0000000087700000| Untracked 
| 120|0x0000000087800000, 0x0000000087900000, 0x0000000087900000|100%| O|  |TAMS 0x0000000087800000, 0x0000000087800000| Untracked 
| 121|0x0000000087900000, 0x0000000087a00000, 0x0000000087a00000|100%| O|  |TAMS 0x0000000087900000, 0x0000000087900000| Untracked 
| 122|0x0000000087a00000, 0x0000000087b00000, 0x0000000087b00000|100%| O|  |TAMS 0x0000000087a00000, 0x0000000087a00000| Untracked 
| 123|0x0000000087b00000, 0x0000000087c00000, 0x0000000087c00000|100%| O|  |TAMS 0x0000000087b00000, 0x0000000087b00000| Untracked 
| 124|0x0000000087c00000, 0x0000000087d00000, 0x0000000087d00000|100%| O|  |TAMS 0x0000000087c00000, 0x0000000087c00000| Untracked 
| 125|0x0000000087d00000, 0x0000000087e00000, 0x0000000087e00000|100%| O|  |TAMS 0x0000000087d00000, 0x0000000087d00000| Untracked 
| 126|0x0000000087e00000, 0x0000000087f00000, 0x0000000087f00000|100%| O|  |TAMS 0x0000000087e00000, 0x0000000087e00000| Untracked 
| 127|0x0000000087f00000, 0x0000000088000000, 0x0000000088000000|100%| O|  |TAMS 0x0000000087f00000, 0x0000000087f00000| Untracked 
| 128|0x0000000088000000, 0x0000000088100000, 0x0000000088100000|100%| O|  |TAMS 0x0000000088000000, 0x0000000088000000| Untracked 
| 129|0x0000000088100000, 0x0000000088200000, 0x0000000088200000|100%| O|  |TAMS 0x0000000088100000, 0x0000000088100000| Untracked 
| 130|0x0000000088200000, 0x0000000088300000, 0x0000000088300000|100%| O|  |TAMS 0x0000000088200000, 0x0000000088200000| Untracked 
| 131|0x0000000088300000, 0x0000000088400000, 0x0000000088400000|100%| O|  |TAMS 0x0000000088300000, 0x0000000088300000| Untracked 
| 132|0x0000000088400000, 0x0000000088500000, 0x0000000088500000|100%| O|  |TAMS 0x0000000088400000, 0x0000000088400000| Untracked 
| 133|0x0000000088500000, 0x0000000088600000, 0x0000000088600000|100%| O|  |TAMS 0x0000000088500000, 0x0000000088500000| Untracked 
| 134|0x0000000088600000, 0x0000000088700000, 0x0000000088700000|100%| O|  |TAMS 0x0000000088600000, 0x0000000088600000| Untracked 
| 135|0x0000000088700000, 0x0000000088800000, 0x0000000088800000|100%| O|  |TAMS 0x0000000088700000, 0x0000000088700000| Untracked 
| 136|0x0000000088800000, 0x0000000088900000, 0x0000000088900000|100%| O|  |TAMS 0x0000000088800000, 0x0000000088800000| Untracked 
| 137|0x0000000088900000, 0x0000000088a00000, 0x0000000088a00000|100%| O|  |TAMS 0x0000000088900000, 0x0000000088900000| Untracked 
| 138|0x0000000088a00000, 0x0000000088b00000, 0x0000000088b00000|100%| O|  |TAMS 0x0000000088a00000, 0x0000000088a00000| Untracked 
| 139|0x0000000088b00000, 0x0000000088c00000, 0x0000000088c00000|100%| O|  |TAMS 0x0000000088b00000, 0x0000000088b00000| Untracked 
| 140|0x0000000088c00000, 0x0000000088d00000, 0x0000000088d00000|100%| O|  |TAMS 0x0000000088c00000, 0x0000000088c00000| Untracked 
| 141|0x0000000088d00000, 0x0000000088e00000, 0x0000000088e00000|100%| O|  |TAMS 0x0000000088d00000, 0x0000000088d00000| Untracked 
| 142|0x0000000088e00000, 0x0000000088f00000, 0x0000000088f00000|100%| O|  |TAMS 0x0000000088e00000, 0x0000000088e00000| Untracked 
| 143|0x0000000088f00000, 0x0000000089000000, 0x0000000089000000|100%| O|  |TAMS 0x0000000088f00000, 0x0000000088f00000| Untracked 
| 144|0x0000000089000000, 0x0000000089100000, 0x0000000089100000|100%| O|  |TAMS 0x0000000089000000, 0x0000000089000000| Untracked 
| 145|0x0000000089100000, 0x0000000089200000, 0x0000000089200000|100%| O|  |TAMS 0x0000000089100000, 0x0000000089100000| Untracked 
| 146|0x0000000089200000, 0x0000000089300000, 0x0000000089300000|100%| O|  |TAMS 0x0000000089200000, 0x0000000089200000| Untracked 
| 147|0x0000000089300000, 0x0000000089400000, 0x0000000089400000|100%| O|  |TAMS 0x0000000089300000, 0x0000000089300000| Untracked 
| 148|0x0000000089400000, 0x0000000089500000, 0x0000000089500000|100%| O|  |TAMS 0x0000000089400000, 0x0000000089400000| Untracked 
| 149|0x0000000089500000, 0x0000000089600000, 0x0000000089600000|100%| O|  |TAMS 0x0000000089500000, 0x0000000089500000| Untracked 
| 150|0x0000000089600000, 0x0000000089700000, 0x0000000089700000|100%| O|  |TAMS 0x0000000089600000, 0x0000000089600000| Untracked 
| 151|0x0000000089700000, 0x0000000089800000, 0x0000000089800000|100%| O|  |TAMS 0x0000000089700000, 0x0000000089700000| Untracked 
| 152|0x0000000089800000, 0x0000000089900000, 0x0000000089900000|100%| O|  |TAMS 0x0000000089800000, 0x0000000089800000| Untracked 
| 153|0x0000000089900000, 0x0000000089a00000, 0x0000000089a00000|100%| O|  |TAMS 0x0000000089900000, 0x0000000089900000| Untracked 
| 154|0x0000000089a00000, 0x0000000089a00000, 0x0000000089b00000|  0%| F|  |TAMS 0x0000000089a00000, 0x0000000089a00000| Untracked 
| 155|0x0000000089b00000, 0x0000000089b00000, 0x0000000089c00000|  0%| F|  |TAMS 0x0000000089b00000, 0x0000000089b00000| Untracked 
| 156|0x0000000089c00000, 0x0000000089d00000, 0x0000000089d00000|100%| O|  |TAMS 0x0000000089c00000, 0x0000000089c00000| Untracked 
| 157|0x0000000089d00000, 0x0000000089d00000, 0x0000000089e00000|  0%| F|  |TAMS 0x0000000089d00000, 0x0000000089d00000| Untracked 
| 158|0x0000000089e00000, 0x0000000089e00000, 0x0000000089f00000|  0%| F|  |TAMS 0x0000000089e00000, 0x0000000089e00000| Untracked 
| 159|0x0000000089f00000, 0x0000000089f00000, 0x000000008a000000|  0%| F|  |TAMS 0x0000000089f00000, 0x0000000089f00000| Untracked 
| 160|0x000000008a000000, 0x000000008a000000, 0x000000008a100000|  0%| F|  |TAMS 0x000000008a000000, 0x000000008a000000| Untracked 
| 161|0x000000008a100000, 0x000000008a100000, 0x000000008a200000|  0%| F|  |TAMS 0x000000008a100000, 0x000000008a100000| Untracked 
| 162|0x000000008a200000, 0x000000008a200000, 0x000000008a300000|  0%| F|  |TAMS 0x000000008a200000, 0x000000008a200000| Untracked 
| 163|0x000000008a300000, 0x000000008a300000, 0x000000008a400000|  0%| F|  |TAMS 0x000000008a300000, 0x000000008a300000| Untracked 
| 164|0x000000008a400000, 0x000000008a400000, 0x000000008a500000|  0%| F|  |TAMS 0x000000008a400000, 0x000000008a400000| Untracked 
| 165|0x000000008a500000, 0x000000008a500000, 0x000000008a600000|  0%| F|  |TAMS 0x000000008a500000, 0x000000008a500000| Untracked 
| 166|0x000000008a600000, 0x000000008a600000, 0x000000008a700000|  0%| F|  |TAMS 0x000000008a600000, 0x000000008a600000| Untracked 
| 167|0x000000008a700000, 0x000000008a700000, 0x000000008a800000|  0%| F|  |TAMS 0x000000008a700000, 0x000000008a700000| Untracked 
| 168|0x000000008a800000, 0x000000008a800000, 0x000000008a900000|  0%| F|  |TAMS 0x000000008a800000, 0x000000008a800000| Untracked 
| 169|0x000000008a900000, 0x000000008a900000, 0x000000008aa00000|  0%| F|  |TAMS 0x000000008a900000, 0x000000008a900000| Untracked 
| 170|0x000000008aa00000, 0x000000008aa00000, 0x000000008ab00000|  0%| F|  |TAMS 0x000000008aa00000, 0x000000008aa00000| Untracked 
| 171|0x000000008ab00000, 0x000000008ab00000, 0x000000008ac00000|  0%| F|  |TAMS 0x000000008ab00000, 0x000000008ab00000| Untracked 
| 172|0x000000008ac00000, 0x000000008ac00000, 0x000000008ad00000|  0%| F|  |TAMS 0x000000008ac00000, 0x000000008ac00000| Untracked 
| 173|0x000000008ad00000, 0x000000008ad00000, 0x000000008ae00000|  0%| F|  |TAMS 0x000000008ad00000, 0x000000008ad00000| Untracked 
| 174|0x000000008ae00000, 0x000000008ae00000, 0x000000008af00000|  0%| F|  |TAMS 0x000000008ae00000, 0x000000008ae00000| Untracked 
| 175|0x000000008af00000, 0x000000008af00000, 0x000000008b000000|  0%| F|  |TAMS 0x000000008af00000, 0x000000008af00000| Untracked 
| 176|0x000000008b000000, 0x000000008b014690, 0x000000008b100000|  7%| S|CS|TAMS 0x000000008b000000, 0x000000008b000000| Complete 
| 177|0x000000008b100000, 0x000000008b200000, 0x000000008b200000|100%| S|CS|TAMS 0x000000008b100000, 0x000000008b100000| Complete 
| 178|0x000000008b200000, 0x000000008b200000, 0x000000008b300000|  0%| F|  |TAMS 0x000000008b200000, 0x000000008b200000| Untracked 
| 179|0x000000008b300000, 0x000000008b300000, 0x000000008b400000|  0%| F|  |TAMS 0x000000008b300000, 0x000000008b300000| Untracked 
| 180|0x000000008b400000, 0x000000008b400000, 0x000000008b500000|  0%| F|  |TAMS 0x000000008b400000, 0x000000008b400000| Untracked 
| 181|0x000000008b500000, 0x000000008b500000, 0x000000008b600000|  0%| F|  |TAMS 0x000000008b500000, 0x000000008b500000| Untracked 
| 182|0x000000008b600000, 0x000000008b600000, 0x000000008b700000|  0%| F|  |TAMS 0x000000008b600000, 0x000000008b600000| Untracked 
| 183|0x000000008b700000, 0x000000008b700000, 0x000000008b800000|  0%| F|  |TAMS 0x000000008b700000, 0x000000008b700000| Untracked 
| 184|0x000000008b800000, 0x000000008b800000, 0x000000008b900000|  0%| F|  |TAMS 0x000000008b800000, 0x000000008b800000| Untracked 
| 185|0x000000008b900000, 0x000000008b900000, 0x000000008ba00000|  0%| F|  |TAMS 0x000000008b900000, 0x000000008b900000| Untracked 
| 186|0x000000008ba00000, 0x000000008ba00000, 0x000000008bb00000|  0%| F|  |TAMS 0x000000008ba00000, 0x000000008ba00000| Untracked 
| 187|0x000000008bb00000, 0x000000008bb00000, 0x000000008bc00000|  0%| F|  |TAMS 0x000000008bb00000, 0x000000008bb00000| Untracked 
| 188|0x000000008bc00000, 0x000000008bc00000, 0x000000008bd00000|  0%| F|  |TAMS 0x000000008bc00000, 0x000000008bc00000| Untracked 
| 189|0x000000008bd00000, 0x000000008bd00000, 0x000000008be00000|  0%| F|  |TAMS 0x000000008bd00000, 0x000000008bd00000| Untracked 
| 190|0x000000008be00000, 0x000000008be00000, 0x000000008bf00000|  0%| F|  |TAMS 0x000000008be00000, 0x000000008be00000| Untracked 
| 191|0x000000008bf00000, 0x000000008bf00000, 0x000000008c000000|  0%| F|  |TAMS 0x000000008bf00000, 0x000000008bf00000| Untracked 
| 192|0x000000008c000000, 0x000000008c000000, 0x000000008c100000|  0%| F|  |TAMS 0x000000008c000000, 0x000000008c000000| Untracked 
| 193|0x000000008c100000, 0x000000008c100000, 0x000000008c200000|  0%| F|  |TAMS 0x000000008c100000, 0x000000008c100000| Untracked 
| 194|0x000000008c200000, 0x000000008c200000, 0x000000008c300000|  0%| F|  |TAMS 0x000000008c200000, 0x000000008c200000| Untracked 
| 195|0x000000008c300000, 0x000000008c300000, 0x000000008c400000|  0%| F|  |TAMS 0x000000008c300000, 0x000000008c300000| Untracked 
| 196|0x000000008c400000, 0x000000008c400000, 0x000000008c500000|  0%| F|  |TAMS 0x000000008c400000, 0x000000008c400000| Untracked 
| 197|0x000000008c500000, 0x000000008c500000, 0x000000008c600000|  0%| F|  |TAMS 0x000000008c500000, 0x000000008c500000| Untracked 
| 198|0x000000008c600000, 0x000000008c600000, 0x000000008c700000|  0%| F|  |TAMS 0x000000008c600000, 0x000000008c600000| Untracked 
| 199|0x000000008c700000, 0x000000008c700000, 0x000000008c800000|  0%| F|  |TAMS 0x000000008c700000, 0x000000008c700000| Untracked 
| 200|0x000000008c800000, 0x000000008c800000, 0x000000008c900000|  0%| F|  |TAMS 0x000000008c800000, 0x000000008c800000| Untracked 
| 201|0x000000008c900000, 0x000000008c900000, 0x000000008ca00000|  0%| F|  |TAMS 0x000000008c900000, 0x000000008c900000| Untracked 
| 202|0x000000008ca00000, 0x000000008ca00000, 0x000000008cb00000|  0%| F|  |TAMS 0x000000008ca00000, 0x000000008ca00000| Untracked 
| 203|0x000000008cb00000, 0x000000008cb00000, 0x000000008cc00000|  0%| F|  |TAMS 0x000000008cb00000, 0x000000008cb00000| Untracked 
| 204|0x000000008cc00000, 0x000000008cc00000, 0x000000008cd00000|  0%| F|  |TAMS 0x000000008cc00000, 0x000000008cc00000| Untracked 
| 205|0x000000008cd00000, 0x000000008cd00000, 0x000000008ce00000|  0%| F|  |TAMS 0x000000008cd00000, 0x000000008cd00000| Untracked 
| 206|0x000000008ce00000, 0x000000008ce00000, 0x000000008cf00000|  0%| F|  |TAMS 0x000000008ce00000, 0x000000008ce00000| Untracked 
| 207|0x000000008cf00000, 0x000000008cf00000, 0x000000008d000000|  0%| F|  |TAMS 0x000000008cf00000, 0x000000008cf00000| Untracked 
| 208|0x000000008d000000, 0x000000008d000000, 0x000000008d100000|  0%| F|  |TAMS 0x000000008d000000, 0x000000008d000000| Untracked 
| 209|0x000000008d100000, 0x000000008d100000, 0x000000008d200000|  0%| F|  |TAMS 0x000000008d100000, 0x000000008d100000| Untracked 
| 210|0x000000008d200000, 0x000000008d200000, 0x000000008d300000|  0%| F|  |TAMS 0x000000008d200000, 0x000000008d200000| Untracked 
| 211|0x000000008d300000, 0x000000008d300000, 0x000000008d400000|  0%| F|  |TAMS 0x000000008d300000, 0x000000008d300000| Untracked 
| 212|0x000000008d400000, 0x000000008d400000, 0x000000008d500000|  0%| F|  |TAMS 0x000000008d400000, 0x000000008d400000| Untracked 
| 213|0x000000008d500000, 0x000000008d500000, 0x000000008d600000|  0%| F|  |TAMS 0x000000008d500000, 0x000000008d500000| Untracked 
| 214|0x000000008d600000, 0x000000008d6eafc8, 0x000000008d700000| 91%| E|  |TAMS 0x000000008d600000, 0x000000008d600000| Complete 
| 215|0x000000008d700000, 0x000000008d800000, 0x000000008d800000|100%| E|CS|TAMS 0x000000008d700000, 0x000000008d700000| Complete 
| 216|0x000000008d800000, 0x000000008d900000, 0x000000008d900000|100%| E|  |TAMS 0x000000008d800000, 0x000000008d800000| Complete 
| 217|0x000000008d900000, 0x000000008da00000, 0x000000008da00000|100%| E|CS|TAMS 0x000000008d900000, 0x000000008d900000| Complete 
| 218|0x000000008da00000, 0x000000008db00000, 0x000000008db00000|100%| E|CS|TAMS 0x000000008da00000, 0x000000008da00000| Complete 
| 219|0x000000008db00000, 0x000000008dc00000, 0x000000008dc00000|100%| E|CS|TAMS 0x000000008db00000, 0x000000008db00000| Complete 
| 220|0x000000008dc00000, 0x000000008dd00000, 0x000000008dd00000|100%| E|CS|TAMS 0x000000008dc00000, 0x000000008dc00000| Complete 
| 221|0x000000008dd00000, 0x000000008de00000, 0x000000008de00000|100%| E|CS|TAMS 0x000000008dd00000, 0x000000008dd00000| Complete 
| 222|0x000000008de00000, 0x000000008df00000, 0x000000008df00000|100%| E|CS|TAMS 0x000000008de00000, 0x000000008de00000| Complete 
| 223|0x000000008df00000, 0x000000008e000000, 0x000000008e000000|100%| E|CS|TAMS 0x000000008df00000, 0x000000008df00000| Complete 

Card table byte_map: [0x0000027c61860000,0x0000027c61c60000] _byte_map_base: 0x0000027c61460000

Marking Bits (Prev, Next): (CMBitMap*) 0x0000027c4a9bc790, (CMBitMap*) 0x0000027c4a9bc750
 Prev Bits: [0x0000027c64060000, 0x0000027c66060000)
 Next Bits: [0x0000027c62060000, 0x0000027c64060000)

Polling page: 0x0000027c48800000

Metaspace:

Usage:
  Non-class:     82.38 MB used.
      Class:     13.38 MB used.
       Both:     95.76 MB used.

Virtual space:
  Non-class space:      128.00 MB reserved,      82.88 MB ( 65%) committed,  2 nodes.
      Class space:      416.00 MB reserved,      13.81 MB (  3%) committed,  1 nodes.
             Both:      544.00 MB reserved,      96.69 MB ( 18%) committed. 

Chunk freelists:
   Non-Class:  12.59 MB
       Class:  2.00 MB
        Both:  14.60 MB

MaxMetaspaceSize: 512.00 MB
CompressedClassSpaceSize: 416.00 MB
Initial GC threshold: 21.00 MB
Current GC threshold: 122.12 MB
CDS: on
MetaspaceReclaimPolicy: balanced
 - commit_granule_bytes: 65536.
 - commit_granule_words: 8192.
 - virtual_space_node_default_size: 8388608.
 - enlarge_chunks_in_place: 1.
 - new_chunks_are_fully_committed: 0.
 - uncommit_free_chunks: 1.
 - use_allocation_guard: 0.
 - handle_deallocations: 1.


Internal statistics:

num_allocs_failed_limit: 9.
num_arena_births: 1192.
num_arena_deaths: 0.
num_vsnodes_births: 3.
num_vsnodes_deaths: 0.
num_space_committed: 1547.
num_space_uncommitted: 0.
num_chunks_returned_to_freelist: 9.
num_chunks_taken_from_freelist: 5456.
num_chunk_merges: 9.
num_chunk_splits: 3537.
num_chunks_enlarged: 2306.
num_inconsistent_stats: 0.

CodeHeap 'non-profiled nmethods': size=120000Kb used=8251Kb max_used=8251Kb free=111748Kb
 bounds [0x0000027c59f30000, 0x0000027c5a740000, 0x0000027c61460000]
CodeHeap 'profiled nmethods': size=120000Kb used=24240Kb max_used=24641Kb free=95759Kb
 bounds [0x0000027c52460000, 0x0000027c53c80000, 0x0000027c59990000]
CodeHeap 'non-nmethods': size=5760Kb used=2395Kb max_used=2467Kb free=3364Kb
 bounds [0x0000027c59990000, 0x0000027c59c00000, 0x0000027c59f30000]
 total_blobs=13338 nmethods=12409 adapters=839
 compilation: enabled
              stopped_count=0, restarted_count=0
 full_count=0

Compilation events (20 events):
Event: 109.669 Thread 0x0000027c68520110 14698       3       org.gradle.internal.execution.history.changes.InputValueChanges::<init> (131 bytes)
Event: 109.671 Thread 0x0000027c68520110 nmethod 14698 0x0000027c52dee890 code [0x0000027c52deec00, 0x0000027c52df09e8]
Event: 109.676 Thread 0x0000027c68520110 14699       3       org.gradle.api.internal.artifacts.transform.TransformingAsyncArtifactListener$TransformedArtifact::lambda$createInvocation$0 (14 bytes)
Event: 109.677 Thread 0x0000027c68520110 nmethod 14699 0x0000027c52a71b10 code [0x0000027c52a71cc0, 0x0000027c52a71e68]
Event: 109.685 Thread 0x0000027c68520110 14700       3       com.google.common.collect.RegularImmutableSortedSet::createAsList (28 bytes)
Event: 109.686 Thread 0x0000027c68520110 nmethod 14700 0x0000027c52bee690 code [0x0000027c52bee880, 0x0000027c52beeec8]
Event: 109.708 Thread 0x0000027c68520110 14702       3       org.gradle.api.internal.artifacts.transform.TransformExecutionResult$Builder$ProducedOutputOnlyResult::resolveOutputsForInputArtifact (5 bytes)
Event: 109.709 Thread 0x0000027c68520110 nmethod 14702 0x0000027c52bee310 code [0x0000027c52bee4a0, 0x0000027c52bee5b8]
Event: 109.710 Thread 0x0000027c6851f800 nmethod 14670 0x0000027c5a73a990 code [0x0000027c5a73ac00, 0x0000027c5a73bc00]
Event: 109.711 Thread 0x0000027c6851f800 14701       4       com.esotericsoftware.kryo.io.Input::readVarLong (329 bytes)
Event: 109.722 Thread 0x0000027c6851f800 nmethod 14701 0x0000027c5a73c710 code [0x0000027c5a73c8c0, 0x0000027c5a73ce48]
Event: 109.722 Thread 0x0000027c6851f800 14671       4       sun.security.provider.DigestBase::engineUpdate (189 bytes)
Event: 109.734 Thread 0x0000027c6851f800 nmethod 14671 0x0000027c5a73d290 code [0x0000027c5a73d440, 0x0000027c5a73d898]
Event: 109.734 Thread 0x0000027c6851f800 14676       4       com.google.common.collect.MapMakerInternalMap$WeakKeyDummyValueEntry$Helper::setValue (17 bytes)
Event: 109.735 Thread 0x0000027c6851f800 nmethod 14676 0x0000027c5a73dc10 code [0x0000027c5a73dda0, 0x0000027c5a73ded8]
Event: 109.735 Thread 0x0000027c6851f800 14672       4       java.lang.String::encode (48 bytes)
Event: 109.740 Thread 0x0000027c6851f800 nmethod 14672 0x0000027c5a73e090 code [0x0000027c5a73e240, 0x0000027c5a73e510]
Event: 109.740 Thread 0x0000027c6851f800 14673       4       java.lang.String::encodeUTF8 (141 bytes)
Event: 109.743 Thread 0x0000027c6851f800 nmethod 14673 0x0000027c5a73e710 code [0x0000027c5a73e8a0, 0x0000027c5a73eae8]
Event: 109.743 Thread 0x0000027c6851f800 14650       4       org.gradle.cache.internal.AsyncCacheAccessDecoratedCache$$Lambda$514/0x0000027c0145cb18::create (12 bytes)

GC Heap History (20 events):
Event: 105.182 GC heap before
{Heap before GC invocations=68 (full 0):
 garbage-first heap   total 190464K, used 166396K [0x0000000080000000, 0x0000000100000000)
  region size 1024K, 17 young (17408K), 2 survivors (2048K)
 Metaspace       used 97684K, committed 98560K, reserved 557056K
  class space    used 13644K, committed 14080K, reserved 425984K
}
Event: 105.186 GC heap after
{Heap after GC invocations=69 (full 0):
 garbage-first heap   total 190464K, used 151464K [0x0000000080000000, 0x0000000100000000)
  region size 1024K, 2 young (2048K), 2 survivors (2048K)
 Metaspace       used 97684K, committed 98560K, reserved 557056K
  class space    used 13644K, committed 14080K, reserved 425984K
}
Event: 105.742 GC heap before
{Heap before GC invocations=69 (full 0):
 garbage-first heap   total 190464K, used 166824K [0x0000000080000000, 0x0000000100000000)
  region size 1024K, 17 young (17408K), 2 survivors (2048K)
 Metaspace       used 97938K, committed 98816K, reserved 557056K
  class space    used 13698K, committed 14144K, reserved 425984K
}
Event: 105.752 GC heap after
{Heap after GC invocations=70 (full 0):
 garbage-first heap   total 190464K, used 154337K [0x0000000080000000, 0x0000000100000000)
  region size 1024K, 3 young (3072K), 3 survivors (3072K)
 Metaspace       used 97938K, committed 98816K, reserved 557056K
  class space    used 13698K, committed 14144K, reserved 425984K
}
Event: 106.188 GC heap before
{Heap before GC invocations=70 (full 0):
 garbage-first heap   total 190464K, used 165601K [0x0000000080000000, 0x0000000100000000)
  region size 1024K, 14 young (14336K), 3 survivors (3072K)
 Metaspace       used 97956K, committed 98880K, reserved 557056K
  class space    used 13699K, committed 14144K, reserved 425984K
}
Event: 106.195 GC heap after
{Heap after GC invocations=71 (full 0):
 garbage-first heap   total 190464K, used 155287K [0x0000000080000000, 0x0000000100000000)
  region size 1024K, 1 young (1024K), 1 survivors (1024K)
 Metaspace       used 97956K, committed 98880K, reserved 557056K
  class space    used 13699K, committed 14144K, reserved 425984K
}
Event: 106.836 GC heap before
{Heap before GC invocations=71 (full 0):
 garbage-first heap   total 190464K, used 165527K [0x0000000080000000, 0x0000000100000000)
  region size 1024K, 12 young (12288K), 1 survivors (1024K)
 Metaspace       used 97956K, committed 98880K, reserved 557056K
  class space    used 13699K, committed 14144K, reserved 425984K
}
Event: 106.839 GC heap after
{Heap after GC invocations=72 (full 0):
 garbage-first heap   total 190464K, used 155537K [0x0000000080000000, 0x0000000100000000)
  region size 1024K, 2 young (2048K), 2 survivors (2048K)
 Metaspace       used 97956K, committed 98880K, reserved 557056K
  class space    used 13699K, committed 14144K, reserved 425984K
}
Event: 107.436 GC heap before
{Heap before GC invocations=72 (full 0):
 garbage-first heap   total 190464K, used 165777K [0x0000000080000000, 0x0000000100000000)
  region size 1024K, 12 young (12288K), 2 survivors (2048K)
 Metaspace       used 97956K, committed 98880K, reserved 557056K
  class space    used 13699K, committed 14144K, reserved 425984K
}
Event: 107.439 GC heap after
{Heap after GC invocations=73 (full 0):
 garbage-first heap   total 190464K, used 155946K [0x0000000080000000, 0x0000000100000000)
  region size 1024K, 2 young (2048K), 2 survivors (2048K)
 Metaspace       used 97956K, committed 98880K, reserved 557056K
  class space    used 13699K, committed 14144K, reserved 425984K
}
Event: 107.943 GC heap before
{Heap before GC invocations=73 (full 0):
 garbage-first heap   total 190464K, used 167210K [0x0000000080000000, 0x0000000100000000)
  region size 1024K, 13 young (13312K), 2 survivors (2048K)
 Metaspace       used 97956K, committed 98880K, reserved 557056K
  class space    used 13699K, committed 14144K, reserved 425984K
}
Event: 107.946 GC heap after
{Heap after GC invocations=74 (full 0):
 garbage-first heap   total 190464K, used 156538K [0x0000000080000000, 0x0000000100000000)
  region size 1024K, 2 young (2048K), 2 survivors (2048K)
 Metaspace       used 97956K, committed 98880K, reserved 557056K
  class space    used 13699K, committed 14144K, reserved 425984K
}
Event: 108.709 GC heap before
{Heap before GC invocations=74 (full 0):
 garbage-first heap   total 190464K, used 170874K [0x0000000080000000, 0x0000000100000000)
  region size 1024K, 12 young (12288K), 2 survivors (2048K)
 Metaspace       used 97983K, committed 98944K, reserved 557056K
  class space    used 13699K, committed 14144K, reserved 425984K
}
Event: 108.713 GC heap after
{Heap after GC invocations=75 (full 0):
 garbage-first heap   total 190464K, used 161496K [0x0000000080000000, 0x0000000100000000)
  region size 1024K, 2 young (2048K), 2 survivors (2048K)
 Metaspace       used 97983K, committed 98944K, reserved 557056K
  class space    used 13699K, committed 14144K, reserved 425984K
}
Event: 108.840 GC heap before
{Heap before GC invocations=75 (full 0):
 garbage-first heap   total 190464K, used 167640K [0x0000000080000000, 0x0000000100000000)
  region size 1024K, 9 young (9216K), 2 survivors (2048K)
 Metaspace       used 98018K, committed 98944K, reserved 557056K
  class space    used 13699K, committed 14144K, reserved 425984K
}
Event: 108.845 GC heap after
{Heap after GC invocations=76 (full 0):
 garbage-first heap   total 190464K, used 158707K [0x0000000080000000, 0x0000000100000000)
  region size 1024K, 2 young (2048K), 2 survivors (2048K)
 Metaspace       used 98018K, committed 98944K, reserved 557056K
  class space    used 13699K, committed 14144K, reserved 425984K
}
Event: 109.170 GC heap before
{Heap before GC invocations=76 (full 0):
 garbage-first heap   total 190464K, used 165875K [0x0000000080000000, 0x0000000100000000)
  region size 1024K, 10 young (10240K), 2 survivors (2048K)
 Metaspace       used 98033K, committed 99008K, reserved 557056K
  class space    used 13699K, committed 14144K, reserved 425984K
}
Event: 109.174 GC heap after
{Heap after GC invocations=77 (full 0):
 garbage-first heap   total 190464K, used 159388K [0x0000000080000000, 0x0000000100000000)
  region size 1024K, 1 young (1024K), 1 survivors (1024K)
 Metaspace       used 98033K, committed 99008K, reserved 557056K
  class space    used 13699K, committed 14144K, reserved 425984K
}
Event: 109.531 GC heap before
{Heap before GC invocations=77 (full 0):
 garbage-first heap   total 190464K, used 167580K [0x0000000080000000, 0x0000000100000000)
  region size 1024K, 9 young (9216K), 1 survivors (1024K)
 Metaspace       used 98050K, committed 99008K, reserved 557056K
  class space    used 13699K, committed 14144K, reserved 425984K
}
Event: 109.535 GC heap after
{Heap after GC invocations=78 (full 0):
 garbage-first heap   total 229376K, used 159825K [0x0000000080000000, 0x0000000100000000)
  region size 1024K, 2 young (2048K), 2 survivors (2048K)
 Metaspace       used 98050K, committed 99008K, reserved 557056K
  class space    used 13699K, committed 14144K, reserved 425984K
}

Dll operation events (14 events):
Event: 0.068 Loaded shared library C:\Program Files\Microsoft\jdk-17.0.8.7-hotspot\bin\java.dll
Event: 0.116 Loaded shared library C:\Program Files\Microsoft\jdk-17.0.8.7-hotspot\bin\jsvml.dll
Event: 0.384 Loaded shared library C:\Program Files\Microsoft\jdk-17.0.8.7-hotspot\bin\zip.dll
Event: 0.394 Loaded shared library C:\Program Files\Microsoft\jdk-17.0.8.7-hotspot\bin\instrument.dll
Event: 0.407 Loaded shared library C:\Program Files\Microsoft\jdk-17.0.8.7-hotspot\bin\net.dll
Event: 0.410 Loaded shared library C:\Program Files\Microsoft\jdk-17.0.8.7-hotspot\bin\nio.dll
Event: 0.445 Loaded shared library C:\Program Files\Microsoft\jdk-17.0.8.7-hotspot\bin\zip.dll
Event: 1.730 Loaded shared library C:\Program Files\Microsoft\jdk-17.0.8.7-hotspot\bin\jimage.dll
Event: 2.192 Loaded shared library C:\Program Files\Microsoft\jdk-17.0.8.7-hotspot\bin\verify.dll
Event: 2.864 Loaded shared library C:\Users\Admin\.gradle\native\68d5fa5c4cc2d200863cafc0d521ce42e7d3e7ee720ec0a83991735586a16f82\windows-amd64\native-platform.dll
Event: 2.893 Loaded shared library C:\Users\Admin\.gradle\native\e376f236ea51e6404a007f0833ffe2c6e607c4080706a723a18a27aeea778392\windows-amd64\native-platform-file-events.dll
Event: 6.696 Loaded shared library C:\Program Files\Microsoft\jdk-17.0.8.7-hotspot\bin\management.dll
Event: 6.702 Loaded shared library C:\Program Files\Microsoft\jdk-17.0.8.7-hotspot\bin\management_ext.dll
Event: 8.886 Loaded shared library C:\Program Files\Microsoft\jdk-17.0.8.7-hotspot\bin\sunmscapi.dll

Deoptimization events (20 events):
Event: 105.454 Thread 0x0000027c700d4a60 Uncommon trap: trap_request=0xffffff76 fr.pc=0x0000027c59fd583c relative=0x000000000000007c
Event: 105.454 Thread 0x0000027c700d4a60 Uncommon trap: reason=predicate action=maybe_recompile pc=0x0000027c59fd583c method=java.util.ComparableTimSort.binarySort([Ljava/lang/Object;III)V @ 34 c2
Event: 105.454 Thread 0x0000027c700d4a60 DEOPT PACKING pc=0x0000027c59fd583c sp=0x0000009769bfbd60
Event: 105.454 Thread 0x0000027c700d4a60 DEOPT UNPACKING pc=0x0000027c599e69a3 sp=0x0000009769bfbd08 mode 2
Event: 105.474 Thread 0x0000027c700d4a60 Uncommon trap: trap_request=0xffffffc6 fr.pc=0x0000027c5a58b940 relative=0x00000000000000a0
Event: 105.474 Thread 0x0000027c700d4a60 Uncommon trap: reason=bimorphic_or_optimized_type_check action=maybe_recompile pc=0x0000027c5a58b940 method=org.gradle.execution.plan.ActionNode.hasPendingPreExecutionNodes()Z @ 11 c2
Event: 105.474 Thread 0x0000027c700d4a60 DEOPT PACKING pc=0x0000027c5a58b940 sp=0x0000009769bfe760
Event: 105.474 Thread 0x0000027c700d4a60 DEOPT UNPACKING pc=0x0000027c599e69a3 sp=0x0000009769bfe6e8 mode 2
Event: 105.483 Thread 0x0000027c700d4a60 Uncommon trap: trap_request=0xffffffc6 fr.pc=0x0000027c5a58b940 relative=0x00000000000000a0
Event: 105.483 Thread 0x0000027c700d4a60 Uncommon trap: reason=bimorphic_or_optimized_type_check action=maybe_recompile pc=0x0000027c5a58b940 method=org.gradle.execution.plan.ActionNode.hasPendingPreExecutionNodes()Z @ 11 c2
Event: 105.483 Thread 0x0000027c700d4a60 DEOPT PACKING pc=0x0000027c5a58b940 sp=0x0000009769bfe760
Event: 105.483 Thread 0x0000027c700d4a60 DEOPT UNPACKING pc=0x0000027c599e69a3 sp=0x0000009769bfe6e8 mode 2
Event: 105.535 Thread 0x0000027c700d17c0 Uncommon trap: trap_request=0xffffffc6 fr.pc=0x0000027c5a58b940 relative=0x00000000000000a0
Event: 105.535 Thread 0x0000027c700d17c0 Uncommon trap: reason=bimorphic_or_optimized_type_check action=maybe_recompile pc=0x0000027c5a58b940 method=org.gradle.execution.plan.ActionNode.hasPendingPreExecutionNodes()Z @ 11 c2
Event: 105.535 Thread 0x0000027c700d17c0 DEOPT PACKING pc=0x0000027c5a58b940 sp=0x00000097699fdc50
Event: 105.535 Thread 0x0000027c700d17c0 DEOPT UNPACKING pc=0x0000027c599e69a3 sp=0x00000097699fdbd8 mode 2
Event: 108.667 Thread 0x0000027c6efa6680 Uncommon trap: trap_request=0xffffff45 fr.pc=0x0000027c5a465e04 relative=0x0000000000003924
Event: 108.667 Thread 0x0000027c6efa6680 Uncommon trap: reason=unstable_if action=reinterpret pc=0x0000027c5a465e04 method=org.gradle.internal.io.StreamByteBuffer.allocateSpace()I @ 43 c2
Event: 108.667 Thread 0x0000027c6efa6680 DEOPT PACKING pc=0x0000027c5a465e04 sp=0x00000097682feae0
Event: 108.667 Thread 0x0000027c6efa6680 DEOPT UNPACKING pc=0x0000027c599e69a3 sp=0x00000097682fe780 mode 2

Classes unloaded (0 events):
No events

Classes redefined (0 events):
No events

Internal exceptions (20 events):
Event: 98.659 Thread 0x0000027c6d9dc4b0 Implicit null exception at 0x0000027c5a639d4e to 0x0000027c5a63a6e4
Event: 99.108 Thread 0x0000027c6d9dc4b0 Implicit null exception at 0x0000027c5a63bb38 to 0x0000027c5a63c690
Event: 99.819 Thread 0x0000027c6d9dc4b0 Exception <a 'java/lang/IncompatibleClassChangeError'{0x000000008b818568}: Found class java.lang.Object, but interface was expected> (0x000000008b818568) 
thrown [s\src\hotspot\share\interpreter\linkResolver.cpp, line 826]
Event: 100.152 Thread 0x0000027c6d9dc4b0 Exception <a 'sun/nio/fs/WindowsException'{0x000000008b007df8}> (0x000000008b007df8) 
thrown [s\src\hotspot\share\prims\jni.cpp, line 516]
Event: 100.153 Thread 0x0000027c6d9dc4b0 Exception <a 'sun/nio/fs/WindowsException'{0x000000008b009438}> (0x000000008b009438) 
thrown [s\src\hotspot\share\prims\jni.cpp, line 516]
Event: 100.153 Thread 0x0000027c6d9dc4b0 Exception <a 'sun/nio/fs/WindowsException'{0x000000008b00aac8}> (0x000000008b00aac8) 
thrown [s\src\hotspot\share\prims\jni.cpp, line 516]
Event: 100.153 Thread 0x0000027c6d9dc4b0 Exception <a 'sun/nio/fs/WindowsException'{0x000000008b00c158}> (0x000000008b00c158) 
thrown [s\src\hotspot\share\prims\jni.cpp, line 516]
Event: 103.199 Thread 0x0000027c700d17c0 Exception <a 'java/lang/NoSuchMethodError'{0x000000008b9bae58}: 'void java.lang.invoke.DirectMethodHandle$Holder.invokeStatic(java.lang.Object, java.lang.Object, java.lang.Object, java.lang.Object, int, java.lang.Object, java.lang.Object)'> (0x000000008b9bae58) 
thrown [s\src\hotspot\share\interpreter\linkResolver.cpp, line 759]
Event: 103.278 Thread 0x0000027c71955750 Exception <a 'java/lang/NoSuchMethodError'{0x000000008b74fd50}: 'java.lang.Object java.lang.invoke.DirectMethodHandle$Holder.invokeSpecialIFC(java.lang.Object, java.lang.Object, java.lang.Object)'> (0x000000008b74fd50) 
thrown [s\src\hotspot\share\interpreter\linkResolver.cpp, line 759]
Event: 103.278 Thread 0x0000027c700d17c0 Exception <a 'java/lang/NoSuchMethodError'{0x000000008b754760}: 'java.lang.Object java.lang.invoke.DirectMethodHandle$Holder.invokeSpecialIFC(java.lang.Object, java.lang.Object, java.lang.Object)'> (0x000000008b754760) 
thrown [s\src\hotspot\share\interpreter\linkResolver.cpp, line 759]
Event: 103.279 Thread 0x0000027c719584e0 Exception <a 'java/lang/NoSuchMethodError'{0x000000008b75e7c0}: 'java.lang.Object java.lang.invoke.DirectMethodHandle$Holder.invokeSpecialIFC(java.lang.Object, java.lang.Object, java.lang.Object)'> (0x000000008b75e7c0) 
thrown [s\src\hotspot\share\interpreter\linkResolver.cpp, line 759]
Event: 103.280 Thread 0x0000027c71956680 Exception <a 'java/lang/NoSuchMethodError'{0x000000008b76bcf8}: 'java.lang.Object java.lang.invoke.DirectMethodHandle$Holder.invokeSpecialIFC(java.lang.Object, java.lang.Object, java.lang.Object)'> (0x000000008b76bcf8) 
thrown [s\src\hotspot\share\interpreter\linkResolver.cpp, line 759]
Event: 103.597 Thread 0x0000027c71956680 Exception <a 'java/lang/NoSuchMethodError'{0x000000008b2ba188}: 'void java.lang.invoke.DirectMethodHandle$Holder.invokeVirtual(java.lang.Object, java.lang.Object)'> (0x000000008b2ba188) 
thrown [s\src\hotspot\share\interpreter\linkResolver.cpp, line 759]
Event: 105.354 Thread 0x0000027c700d26f0 Exception <a 'java/lang/ClassNotFoundException'{0x000000008b5335f8}: groovy/util/FileTreeBuilderBeanInfo> (0x000000008b5335f8) 
thrown [s\src\hotspot\share\classfile\systemDictionary.cpp, line 256]
Event: 105.356 Thread 0x0000027c700d26f0 Exception <a 'java/lang/ClassNotFoundException'{0x000000008b596848}: groovy/util/FileTreeBuilderCustomizer> (0x000000008b596848) 
thrown [s\src\hotspot\share\classfile\systemDictionary.cpp, line 256]
Event: 105.394 Thread 0x0000027c700d26f0 Exception <a 'java/lang/ClassNotFoundException'{0x000000008b5da818}: java/io/BufferedWriterBeanInfo> (0x000000008b5da818) 
thrown [s\src\hotspot\share\classfile\systemDictionary.cpp, line 256]
Event: 105.395 Thread 0x0000027c700d26f0 Exception <a 'java/lang/ClassNotFoundException'{0x000000008b5dfec0}: java/io/WriterBeanInfo> (0x000000008b5dfec0) 
thrown [s\src\hotspot\share\classfile\systemDictionary.cpp, line 256]
Event: 105.395 Thread 0x0000027c700d26f0 Exception <a 'java/lang/ClassNotFoundException'{0x000000008b5e54e0}: java/io/WriterCustomizer> (0x000000008b5e54e0) 
thrown [s\src\hotspot\share\classfile\systemDictionary.cpp, line 256]
Event: 105.396 Thread 0x0000027c700d26f0 Exception <a 'java/lang/ClassNotFoundException'{0x000000008b5f3ec0}: java/io/BufferedWriterCustomizer> (0x000000008b5f3ec0) 
thrown [s\src\hotspot\share\classfile\systemDictionary.cpp, line 256]
Event: 105.455 Thread 0x0000027c700d4a60 Exception <a 'java/lang/NoSuchMethodError'{0x000000008b48c4e8}: static Lcom/android/build/api/variant/BuildConfigField;.<clinit>()V> (0x000000008b48c4e8) 
thrown [s\src\hotspot\share\prims\jni.cpp, line 1107]

VM Operations (20 events):
Event: 105.386 Executing VM operation: HandshakeAllThreads
Event: 105.387 Executing VM operation: HandshakeAllThreads done
Event: 105.742 Executing VM operation: G1CollectForAllocation
Event: 105.752 Executing VM operation: G1CollectForAllocation done
Event: 106.188 Executing VM operation: G1CollectForAllocation
Event: 106.195 Executing VM operation: G1CollectForAllocation done
Event: 106.836 Executing VM operation: G1CollectForAllocation
Event: 106.839 Executing VM operation: G1CollectForAllocation done
Event: 107.436 Executing VM operation: G1CollectForAllocation
Event: 107.439 Executing VM operation: G1CollectForAllocation done
Event: 107.942 Executing VM operation: G1CollectForAllocation
Event: 107.946 Executing VM operation: G1CollectForAllocation done
Event: 108.677 Executing VM operation: G1CollectForAllocation
Event: 108.713 Executing VM operation: G1CollectForAllocation done
Event: 108.840 Executing VM operation: G1CollectForAllocation
Event: 108.846 Executing VM operation: G1CollectForAllocation done
Event: 109.170 Executing VM operation: G1CollectForAllocation
Event: 109.175 Executing VM operation: G1CollectForAllocation done
Event: 109.531 Executing VM operation: G1CollectForAllocation
Event: 109.535 Executing VM operation: G1CollectForAllocation done

Events (20 events):
Event: 104.964 Thread 0x0000027c708bb590 Thread added: 0x0000027c708bb590
Event: 105.013 Thread 0x0000027c708bbaa0 Thread added: 0x0000027c708bbaa0
Event: 105.014 Thread 0x0000027c708b8800 Thread added: 0x0000027c708b8800
Event: 105.261 Thread 0x0000027c708b9730 Thread added: 0x0000027c708b9730
Event: 105.394 loading class java/io/BufferedWriterBeanInfo
Event: 105.394 loading class java/io/BufferedWriterBeanInfo done
Event: 105.394 loading class java/io/BufferedWriterBeanInfo
Event: 105.394 loading class java/io/BufferedWriterBeanInfo done
Event: 105.394 loading class java/io/WriterBeanInfo
Event: 105.394 loading class java/io/WriterBeanInfo done
Event: 105.395 loading class java/io/WriterBeanInfo
Event: 105.395 loading class java/io/WriterBeanInfo done
Event: 105.395 loading class java/io/WriterCustomizer
Event: 105.395 loading class java/io/WriterCustomizer done
Event: 105.395 loading class java/io/WriterCustomizer
Event: 105.395 loading class java/io/WriterCustomizer done
Event: 105.396 loading class java/io/BufferedWriterCustomizer
Event: 105.396 loading class java/io/BufferedWriterCustomizer done
Event: 105.396 loading class java/io/BufferedWriterCustomizer
Event: 105.396 loading class java/io/BufferedWriterCustomizer done


Dynamic libraries:
0x00007ff665180000 - 0x00007ff66518e000 	C:\Program Files\Microsoft\jdk-17.0.8.7-hotspot\bin\java.exe
0x00007ffc309b0000 - 0x00007ffc30ba8000 	C:\WINDOWS\SYSTEM32\ntdll.dll
0x00007ffc30250000 - 0x00007ffc3030d000 	C:\WINDOWS\System32\KERNEL32.DLL
0x00007ffc2e090000 - 0x00007ffc2e386000 	C:\WINDOWS\System32\KERNELBASE.dll
0x00007ffc2e4f0000 - 0x00007ffc2e5f0000 	C:\WINDOWS\System32\ucrtbase.dll
0x00007ffc0dbe0000 - 0x00007ffc0dbf7000 	C:\Program Files\Microsoft\jdk-17.0.8.7-hotspot\bin\jli.dll
0x00007ffc2eb30000 - 0x00007ffc2ecce000 	C:\WINDOWS\System32\USER32.dll
0x00007ffc2e660000 - 0x00007ffc2e682000 	C:\WINDOWS\System32\win32u.dll
0x00007ffc30080000 - 0x00007ffc300ac000 	C:\WINDOWS\System32\GDI32.dll
0x00007ffc2e6e0000 - 0x00007ffc2e7fa000 	C:\WINDOWS\System32\gdi32full.dll
0x00007ffc2e970000 - 0x00007ffc2ea0d000 	C:\WINDOWS\System32\msvcp_win.dll
0x00007ffc0e420000 - 0x00007ffc0e43b000 	C:\Program Files\Microsoft\jdk-17.0.8.7-hotspot\bin\VCRUNTIME140.dll
0x00007ffc20590000 - 0x00007ffc2082a000 	C:\WINDOWS\WinSxS\amd64_microsoft.windows.common-controls_6595b64144ccf1df_6.0.19041.3636_none_60b6a03d71f818d5\COMCTL32.dll
0x00007ffc2ff80000 - 0x00007ffc3001e000 	C:\WINDOWS\System32\msvcrt.dll
0x00007ffc303c0000 - 0x00007ffc303f0000 	C:\WINDOWS\System32\IMM32.DLL
0x00007ffc1abb0000 - 0x00007ffc1abbc000 	C:\Program Files\Microsoft\jdk-17.0.8.7-hotspot\bin\vcruntime140_1.dll
0x00007ffc084b0000 - 0x00007ffc0853d000 	C:\Program Files\Microsoft\jdk-17.0.8.7-hotspot\bin\msvcp140.dll
0x00007ffbda090000 - 0x00007ffbdacf5000 	C:\Program Files\Microsoft\jdk-17.0.8.7-hotspot\bin\server\jvm.dll
0x00007ffc308c0000 - 0x00007ffc3096f000 	C:\WINDOWS\System32\ADVAPI32.dll
0x00007ffc2fea0000 - 0x00007ffc2ff3c000 	C:\WINDOWS\System32\sechost.dll
0x00007ffc300b0000 - 0x00007ffc301d6000 	C:\WINDOWS\System32\RPCRT4.dll
0x00007ffc2dab0000 - 0x00007ffc2dafb000 	C:\WINDOWS\SYSTEM32\POWRPROF.dll
0x00007ffc18860000 - 0x00007ffc18869000 	C:\WINDOWS\SYSTEM32\WSOCK32.dll
0x00007ffc301e0000 - 0x00007ffc3024b000 	C:\WINDOWS\System32\WS2_32.dll
0x00007ffc21190000 - 0x00007ffc211b7000 	C:\WINDOWS\SYSTEM32\WINMM.dll
0x00007ffc21700000 - 0x00007ffc2170a000 	C:\WINDOWS\SYSTEM32\VERSION.dll
0x00007ffc2da90000 - 0x00007ffc2daa2000 	C:\WINDOWS\SYSTEM32\UMPDC.dll
0x00007ffc2c8a0000 - 0x00007ffc2c8b2000 	C:\WINDOWS\SYSTEM32\kernel.appcore.dll
0x00007ffc17f50000 - 0x00007ffc17f5a000 	C:\Program Files\Microsoft\jdk-17.0.8.7-hotspot\bin\jimage.dll
0x00007ffc2c5b0000 - 0x00007ffc2c794000 	C:\WINDOWS\SYSTEM32\DBGHELP.DLL
0x00007ffc17dc0000 - 0x00007ffc17df4000 	C:\WINDOWS\SYSTEM32\dbgcore.DLL
0x00007ffc2e8e0000 - 0x00007ffc2e962000 	C:\WINDOWS\System32\bcryptPrimitives.dll
0x00007ffc11620000 - 0x00007ffc1162e000 	C:\Program Files\Microsoft\jdk-17.0.8.7-hotspot\bin\instrument.dll
0x00007ffc08f80000 - 0x00007ffc08fa5000 	C:\Program Files\Microsoft\jdk-17.0.8.7-hotspot\bin\java.dll
0x00007ffc04830000 - 0x00007ffc04907000 	C:\Program Files\Microsoft\jdk-17.0.8.7-hotspot\bin\jsvml.dll
0x00007ffc2f480000 - 0x00007ffc2fbc4000 	C:\WINDOWS\System32\SHELL32.dll
0x00007ffc2bd40000 - 0x00007ffc2c4db000 	C:\WINDOWS\SYSTEM32\windows.storage.dll
0x00007ffc2ed60000 - 0x00007ffc2f0b4000 	C:\WINDOWS\System32\combase.dll
0x00007ffc2d920000 - 0x00007ffc2d94d000 	C:\WINDOWS\SYSTEM32\Wldp.dll
0x00007ffc2fc30000 - 0x00007ffc2fcdd000 	C:\WINDOWS\System32\SHCORE.dll
0x00007ffc2f0c0000 - 0x00007ffc2f115000 	C:\WINDOWS\System32\shlwapi.dll
0x00007ffc2dfc0000 - 0x00007ffc2dfe5000 	C:\WINDOWS\SYSTEM32\profapi.dll
0x00007ffc07ba0000 - 0x00007ffc07bb8000 	C:\Program Files\Microsoft\jdk-17.0.8.7-hotspot\bin\zip.dll
0x00007ffc086c0000 - 0x00007ffc086d9000 	C:\Program Files\Microsoft\jdk-17.0.8.7-hotspot\bin\net.dll
0x00007ffc25220000 - 0x00007ffc2532a000 	C:\WINDOWS\SYSTEM32\WINHTTP.dll
0x00007ffc2d700000 - 0x00007ffc2d76a000 	C:\WINDOWS\system32\mswsock.dll
0x00007ffc086a0000 - 0x00007ffc086b6000 	C:\Program Files\Microsoft\jdk-17.0.8.7-hotspot\bin\nio.dll
0x00007ffc17490000 - 0x00007ffc174a0000 	C:\Program Files\Microsoft\jdk-17.0.8.7-hotspot\bin\verify.dll
0x00007ffc07b70000 - 0x00007ffc07b97000 	C:\Users\Admin\.gradle\native\68d5fa5c4cc2d200863cafc0d521ce42e7d3e7ee720ec0a83991735586a16f82\windows-amd64\native-platform.dll
0x00007ffbe9770000 - 0x00007ffbe98b4000 	C:\Users\Admin\.gradle\native\e376f236ea51e6404a007f0833ffe2c6e607c4080706a723a18a27aeea778392\windows-amd64\native-platform-file-events.dll
0x00007ffc161f0000 - 0x00007ffc161f9000 	C:\Program Files\Microsoft\jdk-17.0.8.7-hotspot\bin\management.dll
0x00007ffc15600000 - 0x00007ffc1560b000 	C:\Program Files\Microsoft\jdk-17.0.8.7-hotspot\bin\management_ext.dll
0x00007ffc2ff60000 - 0x00007ffc2ff68000 	C:\WINDOWS\System32\PSAPI.DLL
0x00007ffc2d960000 - 0x00007ffc2d978000 	C:\WINDOWS\SYSTEM32\CRYPTSP.dll
0x00007ffc2d050000 - 0x00007ffc2d084000 	C:\WINDOWS\system32\rsaenh.dll
0x00007ffc2e800000 - 0x00007ffc2e827000 	C:\WINDOWS\System32\bcrypt.dll
0x00007ffc2df80000 - 0x00007ffc2dfae000 	C:\WINDOWS\SYSTEM32\USERENV.dll
0x00007ffc2d890000 - 0x00007ffc2d89c000 	C:\WINDOWS\SYSTEM32\CRYPTBASE.dll
0x00007ffc2d410000 - 0x00007ffc2d44b000 	C:\WINDOWS\SYSTEM32\IPHLPAPI.DLL
0x00007ffc2fdb0000 - 0x00007ffc2fdb8000 	C:\WINDOWS\System32\NSI.dll
0x00007ffc27790000 - 0x00007ffc277a7000 	C:\WINDOWS\SYSTEM32\dhcpcsvc6.DLL
0x00007ffc27770000 - 0x00007ffc2778d000 	C:\WINDOWS\SYSTEM32\dhcpcsvc.DLL
0x00007ffc2d450000 - 0x00007ffc2d51a000 	C:\WINDOWS\SYSTEM32\DNSAPI.dll
0x00007ffc113d0000 - 0x00007ffc113de000 	C:\Program Files\Microsoft\jdk-17.0.8.7-hotspot\bin\sunmscapi.dll
0x00007ffc2e390000 - 0x00007ffc2e4ed000 	C:\WINDOWS\System32\CRYPT32.dll
0x00007ffc2db40000 - 0x00007ffc2db67000 	C:\WINDOWS\SYSTEM32\ncrypt.dll
0x00007ffc2db00000 - 0x00007ffc2db3b000 	C:\WINDOWS\SYSTEM32\NTASN1.dll
0x00007ffc275a0000 - 0x00007ffc275a7000 	C:\WINDOWS\system32\wshunix.dll
0x00007ffc0f990000 - 0x00007ffc0f9a7000 	C:\WINDOWS\system32\napinsp.dll
0x00007ffc0cd30000 - 0x00007ffc0cd4b000 	C:\WINDOWS\system32\pnrpnsp.dll
0x00007ffc0e650000 - 0x00007ffc0e665000 	C:\WINDOWS\system32\wshbth.dll
0x00007ffc29650000 - 0x00007ffc2966d000 	C:\WINDOWS\system32\NLAapi.dll
0x00007ffbf7310000 - 0x00007ffbf7322000 	C:\WINDOWS\System32\winrnr.dll
0x00007ffc21d20000 - 0x00007ffc21d2a000 	C:\Windows\System32\rasadhlp.dll
0x00007ffc25050000 - 0x00007ffc250d0000 	C:\WINDOWS\System32\fwpuclnt.dll
0x00007ffc2b4b0000 - 0x00007ffc2b540000 	C:\WINDOWS\system32\apphelp.dll

dbghelp: loaded successfully - version: 4.0.5 - missing functions: none
symbol engine: initialized successfully - sym options: 0x614 - pdb path: .;C:\Program Files\Microsoft\jdk-17.0.8.7-hotspot\bin;C:\WINDOWS\SYSTEM32;C:\WINDOWS\WinSxS\amd64_microsoft.windows.common-controls_6595b64144ccf1df_6.0.19041.3636_none_60b6a03d71f818d5;C:\Program Files\Microsoft\jdk-17.0.8.7-hotspot\bin\server;C:\Users\Admin\.gradle\native\68d5fa5c4cc2d200863cafc0d521ce42e7d3e7ee720ec0a83991735586a16f82\windows-amd64;C:\Users\Admin\.gradle\native\e376f236ea51e6404a007f0833ffe2c6e607c4080706a723a18a27aeea778392\windows-amd64

VM Arguments:
jvm_args: -XX:MaxMetaspaceSize=512m --add-opens=java.base/java.util=ALL-UNNAMED --add-opens=java.base/java.lang=ALL-UNNAMED --add-opens=java.base/java.lang.invoke=ALL-UNNAMED --add-opens=java.prefs/java.util.prefs=ALL-UNNAMED --add-opens=java.base/java.nio.charset=ALL-UNNAMED --add-opens=java.base/java.net=ALL-UNNAMED --add-opens=java.base/java.util.concurrent.atomic=ALL-UNNAMED -Xmx2048m -Dfile.encoding=windows-1254 -Duser.country=TR -Duser.language=tr -Duser.variant -javaagent:C:\Users\Admin\.gradle\wrapper\dists\gradle-8.3-all\6en3ugtfdg5xnpx44z4qbwgas\gradle-8.3\lib\agents\gradle-instrumentation-agent-8.3.jar 
java_command: org.gradle.launcher.daemon.bootstrap.GradleDaemon 8.3
java_class_path (initial): C:\Users\Admin\.gradle\wrapper\dists\gradle-8.3-all\6en3ugtfdg5xnpx44z4qbwgas\gradle-8.3\lib\gradle-launcher-8.3.jar
Launcher Type: SUN_STANDARD

[Global flags]
     intx CICompilerCount                          = 3                                         {product} {ergonomic}
   size_t CompressedClassSpaceSize                 = 436207616                                 {product} {ergonomic}
     uint ConcGCThreads                            = 1                                         {product} {ergonomic}
     uint G1ConcRefinementThreads                  = 4                                         {product} {ergonomic}
   size_t G1HeapRegionSize                         = 1048576                                   {product} {ergonomic}
    uintx GCDrainStackTargetSize                   = 64                                        {product} {ergonomic}
   size_t InitialHeapSize                          = 134217728                                 {product} {ergonomic}
   size_t MarkStackSize                            = 4194304                                   {product} {ergonomic}
   size_t MaxHeapSize                              = 2147483648                                {product} {command line}
   size_t MaxMetaspaceSize                         = 536870912                                 {product} {command line}
   size_t MaxNewSize                               = 1287651328                                {product} {ergonomic}
   size_t MinHeapDeltaBytes                        = 1048576                                   {product} {ergonomic}
   size_t MinHeapSize                              = 8388608                                   {product} {ergonomic}
    uintx NonNMethodCodeHeapSize                   = 5832780                                {pd product} {ergonomic}
    uintx NonProfiledCodeHeapSize                  = 122912730                              {pd product} {ergonomic}
    uintx ProfiledCodeHeapSize                     = 122912730                              {pd product} {ergonomic}
    uintx ReservedCodeCacheSize                    = 251658240                              {pd product} {ergonomic}
     bool SegmentedCodeCache                       = true                                      {product} {ergonomic}
   size_t SoftMaxHeapSize                          = 2147483648                             {manageable} {ergonomic}
     bool UseCompressedClassPointers               = true                           {product lp64_product} {ergonomic}
     bool UseCompressedOops                        = true                           {product lp64_product} {ergonomic}
     bool UseG1GC                                  = true                                      {product} {ergonomic}
     bool UseLargePagesIndividualAllocation        = false                                  {pd product} {ergonomic}

Logging:
Log output configuration:
 #0: stdout all=warning uptime,level,tags
 #1: stderr all=off uptime,level,tags

Environment Variables:
JAVA_HOME=C:\Program Files\Microsoft\jdk-17.0.8.7-hotspot\
CLASSPATH=D:\Projeler\SOFTWARE\React-Native\facebookClone\android\\gradle\wrapper\gradle-wrapper.jar
PATH=D:\Projeler\SOFTWARE\React-Native\facebookClone\node_modules\.bin;D:\Projeler\SOFTWARE\React-Native\facebookClone\node_modules\.bin;D:\Projeler\SOFTWARE\React-Native\node_modules\.bin;D:\Projeler\SOFTWARE\node_modules\.bin;D:\Projeler\node_modules\.bin;D:\node_modules\.bin;C:\Users\Admin\AppData\Roaming\npm\node_modules\npm\node_modules\@npmcli\run-script\lib\node-gyp-bin;D:\Projeler\SOFTWARE\React-Native\facebookClone\node_modules\.bin;D:\Projeler\SOFTWARE\React-Native\node_modules\.bin;D:\Projeler\SOFTWARE\node_modules\.bin;D:\Projeler\node_modules\.bin;D:\node_modules\.bin;C:\Users\Admin\AppData\Roaming\npm\node_modules\npm\node_modules\@npmcli\run-script\lib\node-gyp-bin;C:\Program Files\Microsoft\jdk-17.0.8.7-hotspot\bin;C:\Python312\Scripts\;C:\Python312\;C:\Program Files\Microsoft\jdk-11.0.20.8-hotspot\bin;C:\Program Files (x86)\Common Files\Oracle\Java\javapath;C:\WINDOWS\system32;C:\WINDOWS;C:\WINDOWS\System32\Wbem;C:\WINDOWS\System32\WindowsPowerShell\v1.0\;C:\WINDOWS\System32\OpenSSH\;C:\Program Files\Common Files\Autodesk Shared\;C:\Program Files (x86)\NVIDIA Corporation\PhysX\Common;C:\WINDOWS\system32;C:\WINDOWS;C:\WINDOWS\System32\Wbem;C:\WINDOWS\System32\WindowsPowerShell\v1.0\;C:\WINDOWS\System32\OpenSSH\;C:\Program Files\Git\cmd;C:\Program Files (x86)\dotnet\;C:\Program Files\OpenSSL-Win64\bin;C:\ProgramData\chocolatey\bin;C:\Program Files\nodejs\;C:\Gradle\bin;C:\Program Files\Docker\Docker\resources\bin;C:\Users\Admin\AppData\Local\Android\Sdk\platforms;C:\Users\Admin\AppData\Local\Android\Sdk\platform-tools;C:\Users\Admin\AppData\Local\Android\Sdk\build-tools;C:\Users\Admin\AppData\Local\Android\Sdk\emulator;C:\Users\Admin\AppData\Local\Programs\Python\Python312-32\Scripts\;C:\Users\Admin\AppData\Local\Programs\Python\Python312-32\;C:\Users\Admin\AppData\Local\Microsoft\WindowsApps;C:\Users\Admin\AppData\Local\Programs\Microsoft VS Code\bin;C:\Program Files\Android\Android Studio\bin;C:\Users\Admin\AppData\Roaming\npm;
USERNAME=Admin
LANG=en_US.UTF-8
OS=Windows_NT
PROCESSOR_IDENTIFIER=Intel64 Family 6 Model 58 Stepping 9, GenuineIntel
TMP=C:\Users\Admin\AppData\Local\Temp
TEMP=C:\Users\Admin\AppData\Local\Temp



---------------  S Y S T E M  ---------------

OS:
 Windows 10 , 64 bit Build 19041 (10.0.19041.3636)
OS uptime: 0 days 2:55 hours
Hyper-V role detected

CPU: total 4 (initial active 4) (2 cores per cpu, 2 threads per core) family 6 model 58 stepping 9 microcode 0x21, cx8, cmov, fxsr, ht, mmx, sse, sse2, sse3, ssse3, sse4.1, sse4.2, popcnt, tsc, tscinvbit, avx, aes, erms, clmul, vzeroupper, clflush, hv
Processor Information for all 4 processors :
  Max Mhz: 2401, Current Mhz: 2401, Mhz Limit: 2401

Memory: 4k page, system-wide physical 8077M (339M free)
TotalPageFile size 15757M (AvailPageFile size 2802M)
current process WorkingSet (physical memory assigned to process): 474M, peak: 474M
current process commit charge ("private bytes"): 544M, peak: 544M

vm_info: OpenJDK 64-Bit Server VM (17.0.8+7-LTS) for windows-amd64 JRE (17.0.8+7-LTS), built on Jul  7 2023 17:21:55 by "MicrosoftCorporation" with MS VC++ 16.10 / 16.11 (VS2019)

END.
